#
# There is insufficient memory for the Java Runtime Environment to continue.
# Native memory allocation (malloc) failed to allocate 32744 bytes for ChunkPool::allocate
# Possible reasons:
#   The system is out of physical RAM or swap space
#   In 32 bit mode, the process size limit was hit
# Possible solutions:
#   Reduce memory load on the system
#   Increase physical memory or swap space
#   Check if swap backing store is full
#   Use 64 bit Java on a 64 bit OS
#   Decrease Java heap size (-Xmx/-Xms)
#   Decrease number of Java threads
#   Decrease Java thread stack sizes (-Xss)
#   Set larger code cache with -XX:ReservedCodeCacheSize=
# This output file may be truncated or incomplete.
#
#  Out of Memory Error (allocation.cpp:273), pid=4088, tid=0x00000000000004e0
#
# JRE version: Java(TM) SE Runtime Environment (8.0_121-b13) (build 1.8.0_121-b13)
# Java VM: Java HotSpot(TM) 64-Bit Server VM (25.121-b13 mixed mode windows-amd64 compressed oops)
# Failed to write core dump. Minidumps are not enabled by default on client versions of Windows
#

---------------  T H R E A D  ---------------

Current thread (0x0000000014a3a000):  JavaThread "C2 CompilerThread0" daemon [_thread_in_native, id=1248, stack(0x0000000016340000,0x0000000016440000)]

Stack: [0x0000000016340000,0x0000000016440000]
[error occurred during error reporting (printing stack bounds), id 0xc0000005]

Native frames: (J=compiled Java code, j=interpreted, Vv=VM code, C=native code)


Current CompileTask:
C2:   6020 1635       4       java.net.URLClassLoader$1::run (5 bytes)


---------------  P R O C E S S  ---------------

Java Threads: ( => current thread )
  0x0000000015e35000 JavaThread "Monitor Ctrl-Break" daemon [_thread_in_native, id=3584, stack(0x0000000016930000,0x0000000016a30000)]
  0x0000000015dc2800 JavaThread "Service Thread" daemon [_thread_blocked, id=1540, stack(0x0000000016640000,0x0000000016740000)]
  0x0000000015d4c800 JavaThread "C1 CompilerThread2" daemon [_thread_blocked, id=3480, stack(0x0000000016540000,0x0000000016640000)]
  0x0000000015d49000 JavaThread "C2 CompilerThread1" daemon [_thread_blocked, id=3660, stack(0x0000000016440000,0x0000000016540000)]
=>0x0000000014a3a000 JavaThread "C2 CompilerThread0" daemon [_thread_in_native, id=1248, stack(0x0000000016340000,0x0000000016440000)]
  0x0000000014a38800 JavaThread "Attach Listener" daemon [_thread_blocked, id=2264, stack(0x0000000016240000,0x0000000016340000)]
  0x00000000149ee000 JavaThread "Signal Dispatcher" daemon [_thread_blocked, id=3468, stack(0x0000000016140000,0x0000000016240000)]
  0x000000000245d800 JavaThread "Finalizer" daemon [_thread_blocked, id=3200, stack(0x0000000015c30000,0x0000000015d30000)]
  0x0000000002452000 JavaThread "Reference Handler" daemon [_thread_blocked, id=1488, stack(0x0000000015b30000,0x0000000015c30000)]
  0x000000000201d800 JavaThread "main" [_thread_in_native, id=3452, stack(0x0000000001f10000,0x0000000002010000)]

Other Threads:
  0x00000000149a7800 VMThread [stack: 0x0000000015a30000,0x0000000015b30000] [id=3392]
  0x0000000015e22000 WatcherThread [stack: 0x0000000016740000,0x0000000016840000] [id=3532]

VM state:not at safepoint (normal execution)

VM Mutex/Monitor currently owned by a thread: None

Heap:
 PSYoungGen      total 18432K, used 7683K [0x00000000eb600000, 0x00000000ed180000, 0x0000000100000000)
  eden space 15872K, 32% used [0x00000000eb600000,0x00000000ebb06dc0,0x00000000ec580000)
  from space 2560K, 99% used [0x00000000ec580000,0x00000000ec7fa020,0x00000000ec800000)
  to   space 6144K, 0% used [0x00000000ecb80000,0x00000000ecb80000,0x00000000ed180000)
 ParOldGen       total 42496K, used 8901K [0x00000000c2200000, 0x00000000c4b80000, 0x00000000eb600000)
  object space 42496K, 20% used [0x00000000c2200000,0x00000000c2ab1740,0x00000000c4b80000)
 Metaspace       used 15223K, capacity 15526K, committed 15616K, reserved 1062912K
  class space    used 1863K, capacity 1971K, committed 2048K, reserved 1048576K

Card table byte_map: [0x0000000011820000,0x0000000011a10000] byte_map_base: 0x000000001120f000

Marking Bits: (ParMarkBitMap*) 0x0000000061f8b6d0
 Begin Bits: [0x0000000011f60000, 0x0000000012ed8000)
 End Bits:   [0x0000000012ed8000, 0x0000000013e50000)

Polling page: 0x0000000000690000

CodeCache: size=245760Kb used=6193Kb max_used=6204Kb free=239566Kb
 bounds [0x0000000002460000, 0x0000000002a80000, 0x0000000011460000]
 total_blobs=2101 nmethods=1744 adapters=270
 compilation: enabled

Compilation events (10 events):
Event: 5.888 Thread 0x0000000015d4c800 nmethod 1742 0x0000000002a6ed50 code [0x0000000002a6ef20, 0x0000000002a6f838]
Event: 5.888 Thread 0x0000000015d4c800 1743       3       org.apache.maven.model.Plugin::constructKey (24 bytes)
Event: 5.889 Thread 0x0000000015d4c800 nmethod 1743 0x0000000002a6fc90 code [0x0000000002a6fe60, 0x0000000002a70678]
Event: 5.890 Thread 0x0000000015d49000 nmethod 1739 0x0000000002a69350 code [0x0000000002a694a0, 0x0000000002a69758]
Event: 5.894 Thread 0x0000000015d4c800 1744       1       java.lang.Enum::ordinal (5 bytes)
Event: 5.894 Thread 0x0000000015d4c800 nmethod 1744 0x0000000002a6b510 code [0x0000000002a6b660, 0x0000000002a6b770]
Event: 5.944 Thread 0x0000000015d49000 1745       4       java.lang.StringBuilder::<init> (7 bytes)
Event: 5.946 Thread 0x0000000015d49000 nmethod 1745 0x0000000002a73890 code [0x0000000002a739e0, 0x0000000002a73ad8]
Event: 5.954 Thread 0x0000000015d49000 1746       4       org.codehaus.plexus.util.xml.pull.MXParser::isNameStartChar (63 bytes)
Event: 5.955 Thread 0x0000000015d49000 nmethod 1746 0x0000000002a73b90 code [0x0000000002a73ce0, 0x0000000002a73db8]

GC Heap History (10 events):
Event: 1.898 GC heap before
{Heap before GC invocations=1 (full 0):
 PSYoungGen      total 18432K, used 15872K [0x00000000eb600000, 0x00000000eca80000, 0x0000000100000000)
  eden space 15872K, 100% used [0x00000000eb600000,0x00000000ec580000,0x00000000ec580000)
  from space 2560K, 0% used [0x00000000ec800000,0x00000000ec800000,0x00000000eca80000)
  to   space 2560K, 0% used [0x00000000ec580000,0x00000000ec580000,0x00000000ec800000)
 ParOldGen       total 42496K, used 0K [0x00000000c2200000, 0x00000000c4b80000, 0x00000000eb600000)
  object space 42496K, 0% used [0x00000000c2200000,0x00000000c2200000,0x00000000c4b80000)
 Metaspace       used 7213K, capacity 7384K, committed 7552K, reserved 1056768K
  class space    used 829K, capacity 892K, committed 896K, reserved 1048576K
Event: 1.904 GC heap after
Heap after GC invocations=1 (full 0):
 PSYoungGen      total 18432K, used 2546K [0x00000000eb600000, 0x00000000eca80000, 0x0000000100000000)
  eden space 15872K, 0% used [0x00000000eb600000,0x00000000eb600000,0x00000000ec580000)
  from space 2560K, 99% used [0x00000000ec580000,0x00000000ec7fc8b8,0x00000000ec800000)
  to   space 2560K, 0% used [0x00000000ec800000,0x00000000ec800000,0x00000000eca80000)
 ParOldGen       total 42496K, used 1232K [0x00000000c2200000, 0x00000000c4b80000, 0x00000000eb600000)
  object space 42496K, 2% used [0x00000000c2200000,0x00000000c2334230,0x00000000c4b80000)
 Metaspace       used 7213K, capacity 7384K, committed 7552K, reserved 1056768K
  class space    used 829K, capacity 892K, committed 896K, reserved 1048576K
}
Event: 2.415 GC heap before
{Heap before GC invocations=2 (full 0):
 PSYoungGen      total 18432K, used 18418K [0x00000000eb600000, 0x00000000eca80000, 0x0000000100000000)
  eden space 15872K, 100% used [0x00000000eb600000,0x00000000ec580000,0x00000000ec580000)
  from space 2560K, 99% used [0x00000000ec580000,0x00000000ec7fc8b8,0x00000000ec800000)
  to   space 2560K, 0% used [0x00000000ec800000,0x00000000ec800000,0x00000000eca80000)
 ParOldGen       total 42496K, used 1232K [0x00000000c2200000, 0x00000000c4b80000, 0x00000000eb600000)
  object space 42496K, 2% used [0x00000000c2200000,0x00000000c2334230,0x00000000c4b80000)
 Metaspace       used 8436K, capacity 8600K, committed 8832K, reserved 1056768K
  class space    used 1038K, capacity 1084K, committed 1152K, reserved 1048576K
Event: 2.422 GC heap after
Heap after GC invocations=2 (full 0):
 PSYoungGen      total 18432K, used 2552K [0x00000000eb600000, 0x00000000eca80000, 0x0000000100000000)
  eden space 15872K, 0% used [0x00000000eb600000,0x00000000eb600000,0x00000000ec580000)
  from space 2560K, 99% used [0x00000000ec800000,0x00000000eca7e360,0x00000000eca80000)
  to   space 2560K, 0% used [0x00000000ec580000,0x00000000ec580000,0x00000000ec800000)
 ParOldGen       total 42496K, used 1759K [0x00000000c2200000, 0x00000000c4b80000, 0x00000000eb600000)
  object space 42496K, 4% used [0x00000000c2200000,0x00000000c23b7e68,0x00000000c4b80000)
 Metaspace       used 8436K, capacity 8600K, committed 8832K, reserved 1056768K
  class space    used 1038K, capacity 1084K, committed 1152K, reserved 1048576K
}
Event: 3.754 GC heap before
{Heap before GC invocations=3 (full 0):
 PSYoungGen      total 18432K, used 18424K [0x00000000eb600000, 0x00000000eca80000, 0x0000000100000000)
  eden space 15872K, 100% used [0x00000000eb600000,0x00000000ec580000,0x00000000ec580000)
  from space 2560K, 99% used [0x00000000ec800000,0x00000000eca7e360,0x00000000eca80000)
  to   space 2560K, 0% used [0x00000000ec580000,0x00000000ec580000,0x00000000ec800000)
 ParOldGen       total 42496K, used 1759K [0x00000000c2200000, 0x00000000c4b80000, 0x00000000eb600000)
  object space 42496K, 4% used [0x00000000c2200000,0x00000000c23b7e68,0x00000000c4b80000)
 Metaspace       used 10408K, capacity 10580K, committed 10880K, reserved 1058816K
  class space    used 1258K, capacity 1317K, committed 1408K, reserved 1048576K
Event: 3.760 GC heap after
Heap after GC invocations=3 (full 0):
 PSYoungGen      total 18432K, used 2552K [0x00000000eb600000, 0x00000000eca80000, 0x0000000100000000)
  eden space 15872K, 0% used [0x00000000eb600000,0x00000000eb600000,0x00000000ec580000)
  from space 2560K, 99% used [0x00000000ec580000,0x00000000ec7fe010,0x00000000ec800000)
  to   space 2560K, 0% used [0x00000000ec800000,0x00000000ec800000,0x00000000eca80000)
 ParOldGen       total 42496K, used 3866K [0x00000000c2200000, 0x00000000c4b80000, 0x00000000eb600000)
  object space 42496K, 9% used [0x00000000c2200000,0x00000000c25c6858,0x00000000c4b80000)
 Metaspace       used 10408K, capacity 10580K, committed 10880K, reserved 1058816K
  class space    used 1258K, capacity 1317K, committed 1408K, reserved 1048576K
}
Event: 4.473 GC heap before
{Heap before GC invocations=4 (full 0):
 PSYoungGen      total 18432K, used 18424K [0x00000000eb600000, 0x00000000eca80000, 0x0000000100000000)
  eden space 15872K, 100% used [0x00000000eb600000,0x00000000ec580000,0x00000000ec580000)
  from space 2560K, 99% used [0x00000000ec580000,0x00000000ec7fe010,0x00000000ec800000)
  to   space 2560K, 0% used [0x00000000ec800000,0x00000000ec800000,0x00000000eca80000)
 ParOldGen       total 42496K, used 3866K [0x00000000c2200000, 0x00000000c4b80000, 0x00000000eb600000)
  object space 42496K, 9% used [0x00000000c2200000,0x00000000c25c6858,0x00000000c4b80000)
 Metaspace       used 12270K, capacity 12548K, committed 12672K, reserved 1060864K
  class space    used 1523K, capacity 1608K, committed 1664K, reserved 1048576K
Event: 4.481 GC heap after
Heap after GC invocations=4 (full 0):
 PSYoungGen      total 18432K, used 2552K [0x00000000eb600000, 0x00000000eca80000, 0x0000000100000000)
  eden space 15872K, 0% used [0x00000000eb600000,0x00000000eb600000,0x00000000ec580000)
  from space 2560K, 99% used [0x00000000ec800000,0x00000000eca7e030,0x00000000eca80000)
  to   space 2560K, 0% used [0x00000000ec580000,0x00000000ec580000,0x00000000ec800000)
 ParOldGen       total 42496K, used 6429K [0x00000000c2200000, 0x00000000c4b80000, 0x00000000eb600000)
  object space 42496K, 15% used [0x00000000c2200000,0x00000000c2847610,0x00000000c4b80000)
 Metaspace       used 12270K, capacity 12548K, committed 12672K, reserved 1060864K
  class space    used 1523K, capacity 1608K, committed 1664K, reserved 1048576K
}
Event: 5.374 GC heap before
{Heap before GC invocations=5 (full 0):
 PSYoungGen      total 18432K, used 18424K [0x00000000eb600000, 0x00000000eca80000, 0x0000000100000000)
  eden space 15872K, 100% used [0x00000000eb600000,0x00000000ec580000,0x00000000ec580000)
  from space 2560K, 99% used [0x00000000ec800000,0x00000000eca7e030,0x00000000eca80000)
  to   space 2560K, 0% used [0x00000000ec580000,0x00000000ec580000,0x00000000ec800000)
 ParOldGen       total 42496K, used 6429K [0x00000000c2200000, 0x00000000c4b80000, 0x00000000eb600000)
  object space 42496K, 15% used [0x00000000c2200000,0x00000000c2847610,0x00000000c4b80000)
 Metaspace       used 14551K, capacity 14854K, committed 14976K, reserved 1062912K
  class space    used 1795K, capacity 1875K, committed 1920K, reserved 1048576K
Event: 5.384 GC heap after
Heap after GC invocations=5 (full 0):
 PSYoungGen      total 18432K, used 2536K [0x00000000eb600000, 0x00000000ed180000, 0x0000000100000000)
  eden space 15872K, 0% used [0x00000000eb600000,0x00000000eb600000,0x00000000ec580000)
  from space 2560K, 99% used [0x00000000ec580000,0x00000000ec7fa020,0x00000000ec800000)
  to   space 6144K, 0% used [0x00000000ecb80000,0x00000000ecb80000,0x00000000ed180000)
 ParOldGen       total 42496K, used 8901K [0x00000000c2200000, 0x00000000c4b80000, 0x00000000eb600000)
  object space 42496K, 20% used [0x00000000c2200000,0x00000000c2ab1740,0x00000000c4b80000)
 Metaspace       used 14551K, capacity 14854K, committed 14976K, reserved 1062912K
  class space    used 1795K, capacity 1875K, committed 1920K, reserved 1048576K
}

Deoptimization events (10 events):
Event: 4.551 Thread 0x000000000201d800 Uncommon trap: reason=bimorphic action=maybe_recompile pc=0x00000000027b82b8 method=java.util.HashMap.putVal(ILjava/lang/Object;Ljava/lang/Object;ZZ)Ljava/lang/Object; @ 203
Event: 4.618 Thread 0x000000000201d800 Uncommon trap: reason=unstable_if action=reinterpret pc=0x00000000027fd938 method=java.util.concurrent.ConcurrentHashMap.putVal(Ljava/lang/Object;Ljava/lang/Object;Z)Ljava/lang/Object; @ 206
Event: 4.671 Thread 0x000000000201d800 Uncommon trap: reason=bimorphic action=maybe_recompile pc=0x00000000027b82b8 method=java.util.HashMap.putVal(ILjava/lang/Object;Ljava/lang/Object;ZZ)Ljava/lang/Object; @ 203
Event: 5.123 Thread 0x000000000201d800 Uncommon trap: reason=unstable_if action=reinterpret pc=0x0000000002794a04 method=org.codehaus.plexus.util.xml.pull.MXParser.parseStartTag()I @ 443
Event: 5.283 Thread 0x000000000201d800 Uncommon trap: reason=unstable_if action=reinterpret pc=0x00000000026ef3c4 method=sun.nio.cs.UTF_8$Decoder.decodeArrayLoop(Ljava/nio/ByteBuffer;Ljava/nio/CharBuffer;)Ljava/nio/charset/CoderResult; @ 84
Event: 5.288 Thread 0x000000000201d800 Uncommon trap: reason=unstable_if action=reinterpret pc=0x00000000029cb220 method=sun.nio.cs.StreamDecoder.implRead([CII)I @ 36
Event: 5.351 Thread 0x000000000201d800 Uncommon trap: reason=unstable_if action=reinterpret pc=0x00000000026139c4 method=java.lang.String.replace(CC)Ljava/lang/String; @ 2
Event: 5.835 Thread 0x000000000201d800 Uncommon trap: reason=unstable_if action=reinterpret pc=0x0000000002a39120 method=org.codehaus.plexus.util.xml.pull.MXParser.nextImpl()I @ 1161
Event: 5.844 Thread 0x000000000201d800 Uncommon trap: reason=unstable_if action=reinterpret pc=0x00000000026d8e7c method=java.util.HashMap.hash(Ljava/lang/Object;)I @ 1
Event: 5.844 Thread 0x000000000201d800 Uncommon trap: reason=unstable_if action=reinterpret pc=0x000000000281d3e8 method=java.util.HashMap.hash(Ljava/lang/Object;)I @ 1

Internal exceptions (10 events):
Event: 2.011 Thread 0x000000000201d800 Exception <a 'java/lang/ArrayIndexOutOfBoundsException'> (0x00000000eb9b4f40) thrown at [C:\re\workspace\8-2-build-windows-amd64-cygwin\jdk8u121\8372\hotspot\src\share\vm\runtime\sharedRuntime.cpp, line 605]
Event: 2.011 Thread 0x000000000201d800 Exception <a 'java/lang/ArrayIndexOutOfBoundsException'> (0x00000000eb9b6db8) thrown at [C:\re\workspace\8-2-build-windows-amd64-cygwin\jdk8u121\8372\hotspot\src\share\vm\runtime\sharedRuntime.cpp, line 605]
Event: 2.011 Thread 0x000000000201d800 Exception <a 'java/lang/ArrayIndexOutOfBoundsException'> (0x00000000eb9b8b70) thrown at [C:\re\workspace\8-2-build-windows-amd64-cygwin\jdk8u121\8372\hotspot\src\share\vm\runtime\sharedRuntime.cpp, line 605]
Event: 2.011 Thread 0x000000000201d800 Exception <a 'java/lang/ArrayIndexOutOfBoundsException'> (0x00000000eb9ba0c8) thrown at [C:\re\workspace\8-2-build-windows-amd64-cygwin\jdk8u121\8372\hotspot\src\share\vm\runtime\sharedRuntime.cpp, line 605]
Event: 2.012 Thread 0x000000000201d800 Exception <a 'java/lang/ArrayIndexOutOfBoundsException': 24> (0x00000000eb9bb590) thrown at [C:\re\workspace\8-2-build-windows-amd64-cygwin\jdk8u121\8372\hotspot\src\share\vm\interpreter\interpreterRuntime.cpp, line 366]
Event: 4.661 Thread 0x000000000201d800 Exception <a 'java/lang/NoClassDefFoundError': com/google/inject/servlet/ServletModuleTargetVisitor> (0x00000000ebb201d0) thrown at [C:\re\workspace\8-2-build-windows-amd64-cygwin\jdk8u121\8372\hotspot\src\share\vm\classfile\systemDictionary.cpp, line 199
Event: 4.661 Thread 0x000000000201d800 Exception <a 'java/lang/NoClassDefFoundError'> (0x00000000ebb201d0) thrown at [C:\re\workspace\8-2-build-windows-amd64-cygwin\jdk8u121\8372\hotspot\src\share\vm\prims\jvm.cpp, line 1394]
Event: 4.661 Thread 0x000000000201d800 Exception <a 'java/lang/NoClassDefFoundError': javax/annotation/Priority> (0x00000000ebb25208) thrown at [C:\re\workspace\8-2-build-windows-amd64-cygwin\jdk8u121\8372\hotspot\src\share\vm\classfile\systemDictionary.cpp, line 199]
Event: 5.844 Thread 0x000000000201d800 Implicit null exception at 0x00000000026d8c95 to 0x00000000026d8e6d
Event: 5.844 Thread 0x000000000201d800 Implicit null exception at 0x000000000281d36f to 0x000000000281d3d9

Events (10 events):
Event: 5.891 loading class org/eclipse/aether/graph/DependencyCycle
Event: 5.891 loading class org/eclipse/aether/graph/DependencyCycle done
Event: 5.892 loading class org/eclipse/aether/util/graph/manager/ClassicDependencyManager$Key
Event: 5.892 loading class org/eclipse/aether/util/graph/manager/ClassicDependencyManager$Key done
Event: 5.892 loading class org/eclipse/aether/internal/impl/DataPool$ConstraintKey
Event: 5.892 loading class org/eclipse/aether/internal/impl/DataPool$ConstraintKey done
Event: 5.893 loading class org/eclipse/aether/internal/impl/DataPool$Constraint
Event: 5.893 loading class org/eclipse/aether/internal/impl/DataPool$Constraint done
Event: 5.893 loading class org/eclipse/aether/internal/impl/DataPool$Constraint$VersionRepo
Event: 5.893 loading class org/eclipse/aether/internal/impl/DataPool$Constraint$VersionRepo done


Dynamic libraries:
0x00007ff6ed730000 - 0x00007ff6ed767000 	D:\Program Files\Java\jdk1.8.0_121\bin\java.exe
0x00007ffe92130000 - 0x00007ffe922d9000 	C:\Windows\SYSTEM32\ntdll.dll
0x00007ffe8fa10000 - 0x00007ffe8fb49000 	C:\Windows\system32\KERNEL32.DLL
0x00007ffe8f800000 - 0x00007ffe8f90e000 	C:\Windows\system32\KERNELBASE.dll
0x00007ffe91d90000 - 0x00007ffe91e35000 	C:\Windows\system32\ADVAPI32.dll
0x00007ffe906c0000 - 0x00007ffe90831000 	C:\Windows\system32\USER32.dll
0x00007ffe8d1f0000 - 0x00007ffe8d44a000 	C:\Windows\WinSxS\amd64_microsoft.windows.common-controls_6595b64144ccf1df_6.0.9600.16384_none_62475f7becb72503\COMCTL32.dll
0x00007ffe90610000 - 0x00007ffe906b7000 	C:\Windows\system32\msvcrt.dll
0x00007ffe8fbc0000 - 0x00007ffe8fc17000 	C:\Windows\SYSTEM32\sechost.dll
0x00007ffe8fc20000 - 0x00007ffe8fd56000 	C:\Windows\system32\RPCRT4.dll
0x00007ffe91e40000 - 0x00007ffe91f85000 	C:\Windows\system32\GDI32.dll
0x00007ffe8f9c0000 - 0x00007ffe8f9f4000 	C:\Windows\system32\IMM32.DLL
0x00007ffe90840000 - 0x00007ffe90979000 	C:\Windows\system32\MSCTF.dll
0x0000000061690000 - 0x0000000061762000 	D:\Program Files\Java\jdk1.8.0_121\jre\bin\msvcr100.dll
0x0000000061770000 - 0x000000006200b000 	D:\Program Files\Java\jdk1.8.0_121\jre\bin\server\jvm.dll
0x00007ffe8c730000 - 0x00007ffe8c739000 	C:\Windows\SYSTEM32\WSOCK32.dll
0x00007ffe866b0000 - 0x00007ffe866cf000 	C:\Windows\SYSTEM32\WINMM.dll
0x00007ffe890e0000 - 0x00007ffe890ea000 	C:\Windows\SYSTEM32\VERSION.dll
0x00007ffe8fb50000 - 0x00007ffe8fb57000 	C:\Windows\system32\PSAPI.DLL
0x00007ffe8fb60000 - 0x00007ffe8fbb8000 	C:\Windows\system32\WS2_32.dll
0x00007ffe86680000 - 0x00007ffe866aa000 	C:\Windows\SYSTEM32\WINMMBASE.dll
0x00007ffe905f0000 - 0x00007ffe905f9000 	C:\Windows\system32\NSI.dll
0x00007ffe8f7b0000 - 0x00007ffe8f7fa000 	C:\Windows\SYSTEM32\cfgmgr32.dll
0x00007ffe8e320000 - 0x00007ffe8e346000 	C:\Windows\SYSTEM32\DEVOBJ.dll
0x0000000061680000 - 0x000000006168f000 	D:\Program Files\Java\jdk1.8.0_121\jre\bin\verify.dll
0x0000000061650000 - 0x0000000061679000 	D:\Program Files\Java\jdk1.8.0_121\jre\bin\java.dll
0x0000000061630000 - 0x0000000061646000 	D:\Program Files\Java\jdk1.8.0_121\jre\bin\zip.dll
0x00007ffe90980000 - 0x00007ffe91d8d000 	C:\Windows\system32\SHELL32.dll
0x00007ffe90280000 - 0x00007ffe90457000 	C:\Windows\SYSTEM32\combase.dll
0x00007ffe904c0000 - 0x00007ffe90511000 	C:\Windows\system32\SHLWAPI.dll
0x00007ffe8db40000 - 0x00007ffe8dbe1000 	C:\Windows\SYSTEM32\SHCORE.dll
0x00007ffe8f4b0000 - 0x00007ffe8f4c4000 	C:\Windows\SYSTEM32\profapi.dll
0x00007ffe8bf30000 - 0x00007ffe8bf40000 	D:\Program Files\idea\IntelliJ IDEA 2016.3.4\bin\breakgen64.dll
0x0000000061420000 - 0x000000006143a000 	D:\Program Files\Java\jdk1.8.0_121\jre\bin\net.dll
0x00007ffe8ecf0000 - 0x00007ffe8ed48000 	C:\Windows\system32\mswsock.dll
0x00007ffe8bf20000 - 0x00007ffe8bf2a000 	D:\Program Files\apache-maven-3.5.0\lib\jansi-native\windows64\jansi.dll
0x0000000061400000 - 0x0000000061411000 	D:\Program Files\Java\jdk1.8.0_121\jre\bin\nio.dll

VM Arguments:
jvm_args: -Dmaven.multiModuleProjectDirectory=D:\myssm -Dmaven.home=D:\Program Files\apache-maven-3.5.0 -Dclassworlds.conf=D:\Program Files\apache-maven-3.5.0\bin\m2.conf -Didea.launcher.port=7533 -Didea.launcher.bin.path=D:\Program Files\idea\IntelliJ IDEA 2016.3.4\bin -Dfile.encoding=UTF-8 
java_command: com.intellij.rt.execution.application.AppMain org.codehaus.classworlds.Launcher -Didea.version=2016.3.4 clean
java_class_path (initial): D:\Program Files\apache-maven-3.5.0\boot\plexus-classworlds-2.5.2.jar;D:\Program Files\idea\IntelliJ IDEA 2016.3.4\lib\idea_rt.jar
Launcher Type: SUN_STANDARD

Environment Variables:
JAVA_HOME=D:\Program Files\Java\jdk1.8.0_121
JRE_HOME=D:\Program Files\Java\jre1.8
CLASSPATH=.D:\Program Files\Java\jdk1.8.0_121\lib;D:\Program Files\Java\jdk1.8.0_121\lib\tools.jar
PATH=C:\Windows\system32;C:\Windows;C:\Windows\System32\Wbem;C:\Windows\System32\WindowsPowerShell\v1.0\;;D:\Program Files\Java\jdk1.8.0_121\bin;D:\Program Files\Java\jdk1.8.0_121\jre\bin;C:\Program Files\nodejs\;D:\Program Files\apache-maven-3.5.0\bin;D:\Program Files\mysql-5.6.26-winx64\bin;C:\Users\Administrator\AppData\Roaming\npm
USERNAME=Administrator
OS=Windows_NT
PROCESSOR_IDENTIFIER=Intel64 Family 6 Model 37 Stepping 5, GenuineIntel



---------------  S Y S T E M  ---------------

OS: Windows 8.1 , 64 bit Build 9600 (6.3.9600.16656)

CPU:total 4 (2 cores per cpu, 2 threads per core) family 6 model 37 stepping 5, cmov, cx8, fxsr, mmx, sse, sse2, sse3, ssse3, sse4.1, sse4.2, popcnt, ht, tsc, tscinvbit

Memory: 4k page, physical 4053872k(1458608k free), swap 4053872k(4096k free)

vm_info: Java HotSpot(TM) 64-Bit Server VM (25.121-b13) for windows-amd64 JRE (1.8.0_121-b13), built on Dec 12 2016 18:21:36 by "java_re" with MS VC++ 10.0 (VS2010)

time: Sun Oct 15 13:27:18 2017
elapsed time: 6 seconds (0d 0h 0m 6s)

