#
# There is insufficient memory for the Java Runtime Environment to continue.
# Native memory allocation (malloc) failed to allocate 773616 bytes for Chunk::new
# Possible reasons:
#   The system is out of physical RAM or swap space
#   In 32 bit mode, the process size limit was hit
# Possible solutions:
#   Reduce memory load on the system
#   Increase physical memory or swap space
#   Check if swap backing store is full
#   Use 64 bit Java on a 64 bit OS
#   Decrease Java heap size (-Xmx/-Xms)
#   Decrease number of Java threads
#   Decrease Java thread stack sizes (-Xss)
#   Set larger code cache with -XX:ReservedCodeCacheSize=
# This output file may be truncated or incomplete.
#
#  Out of Memory Error (allocation.cpp:390), pid=1056, tid=0x0000000000000c28
#
# JRE version: Java(TM) SE Runtime Environment (8.0_121-b13) (build 1.8.0_121-b13)
# Java VM: Java HotSpot(TM) 64-Bit Server VM (25.121-b13 mixed mode windows-amd64 compressed oops)
# Failed to write core dump. Minidumps are not enabled by default on client versions of Windows
#

---------------  T H R E A D  ---------------

Current thread (0x0000000014b4a000):  JavaThread "C2 CompilerThread0" daemon [_thread_in_native, id=3112, stack(0x0000000016460000,0x0000000016560000)]

Stack: [0x0000000016460000,0x0000000016560000]
[error occurred during error reporting (printing stack bounds), id 0xc0000005]

Native frames: (J=compiled Java code, j=interpreted, Vv=VM code, C=native code)


Current CompileTask:
C2:   3506 1615       4       java.net.URLClassLoader$1::run (5 bytes)


---------------  P R O C E S S  ---------------

Java Threads: ( => current thread )
  0x0000000015f5f800 JavaThread "Monitor Ctrl-Break" daemon [_thread_in_native, id=812, stack(0x0000000016960000,0x0000000016a60000)]
  0x0000000015ec4000 JavaThread "Service Thread" daemon [_thread_blocked, id=904, stack(0x0000000016760000,0x0000000016860000)]
  0x0000000015e72000 JavaThread "C1 CompilerThread2" daemon [_thread_blocked, id=3856, stack(0x0000000016660000,0x0000000016760000)]
  0x0000000015e71000 JavaThread "C2 CompilerThread1" daemon [_thread_blocked, id=1072, stack(0x0000000016560000,0x0000000016660000)]
=>0x0000000014b4a000 JavaThread "C2 CompilerThread0" daemon [_thread_in_native, id=3112, stack(0x0000000016460000,0x0000000016560000)]
  0x0000000014b48800 JavaThread "Attach Listener" daemon [_thread_blocked, id=2904, stack(0x0000000016360000,0x0000000016460000)]
  0x0000000014afd000 JavaThread "Signal Dispatcher" daemon [_thread_blocked, id=3944, stack(0x0000000016260000,0x0000000016360000)]
  0x000000000256d800 JavaThread "Finalizer" daemon [_thread_blocked, id=372, stack(0x0000000015d60000,0x0000000015e60000)]
  0x0000000002562000 JavaThread "Reference Handler" daemon [_thread_blocked, id=2392, stack(0x0000000015c60000,0x0000000015d60000)]
  0x0000000001fad800 JavaThread "main" [_thread_in_native, id=3956, stack(0x0000000002370000,0x0000000002470000)]

Other Threads:
  0x0000000014ab7800 VMThread [stack: 0x0000000015b60000,0x0000000015c60000] [id=3240]
  0x0000000015f2c000 WatcherThread [stack: 0x0000000016860000,0x0000000016960000] [id=2204]

VM state:not at safepoint (normal execution)

VM Mutex/Monitor currently owned by a thread: None

Heap:
 PSYoungGen      total 34304K, used 20927K [0x00000000eb600000, 0x00000000eda00000, 0x0000000100000000)
  eden space 31744K, 57% used [0x00000000eb600000,0x00000000ec7f5c50,0x00000000ed500000)
  from space 2560K, 99% used [0x00000000ed780000,0x00000000ed9fa060,0x00000000eda00000)
  to   space 2560K, 0% used [0x00000000ed500000,0x00000000ed500000,0x00000000ed780000)
 ParOldGen       total 42496K, used 6471K [0x00000000c2200000, 0x00000000c4b80000, 0x00000000eb600000)
  object space 42496K, 15% used [0x00000000c2200000,0x00000000c2851c50,0x00000000c4b80000)
 Metaspace       used 14876K, capacity 15210K, committed 15232K, reserved 1062912K
  class space    used 1824K, capacity 1907K, committed 1920K, reserved 1048576K

Card table byte_map: [0x0000000011930000,0x0000000011b20000] byte_map_base: 0x000000001131f000

Marking Bits: (ParMarkBitMap*) 0x0000000061f8b6d0
 Begin Bits: [0x0000000012070000, 0x0000000012fe8000)
 End Bits:   [0x0000000012fe8000, 0x0000000013f60000)

Polling page: 0x0000000000600000

CodeCache: size=245760Kb used=5700Kb max_used=5728Kb free=240059Kb
 bounds [0x0000000002570000, 0x0000000002b10000, 0x0000000011570000]
 total_blobs=1961 nmethods=1614 adapters=260
 compilation: enabled

Compilation events (10 events):
Event: 3.127 Thread 0x0000000015e72000 1611       3       org.eclipse.sisu.plexus.DefaultPlexusBeans$Itr::next (5 bytes)
Event: 3.128 Thread 0x0000000015e72000 nmethod 1611 0x0000000002af9ad0 code [0x0000000002af9c60, 0x0000000002afa188]
Event: 3.128 Thread 0x0000000015e72000 1613       3       java.util.Collections$UnmodifiableMap$UnmodifiableEntrySet$1::hasNext (10 bytes)
Event: 3.128 Thread 0x0000000015e72000 nmethod 1613 0x0000000002afa350 code [0x0000000002afa4c0, 0x0000000002afa6e8]
Event: 3.128 Thread 0x0000000015e72000 1612       3       org.eclipse.sisu.plexus.DefaultPlexusBeans$Itr::next (20 bytes)
Event: 3.128 Thread 0x0000000015e72000 nmethod 1612 0x0000000002afa790 code [0x0000000002afa920, 0x0000000002afad68]
Event: 3.134 Thread 0x0000000014b4a000 1614   !   4       java.net.URLClassLoader::findClass (47 bytes)
Event: 3.137 Thread 0x0000000014b4a000 nmethod 1614 0x0000000002afdcd0 code [0x0000000002afde60, 0x0000000002afe058]
Event: 3.137 Thread 0x0000000014b4a000 1615       4       java.net.URLClassLoader$1::run (5 bytes)
Event: 3.190 Thread 0x0000000015e71000 nmethod 1534 0x0000000002b03cd0 code [0x0000000002b04000, 0x0000000002b08248]

GC Heap History (8 events):
Event: 1.462 GC heap before
{Heap before GC invocations=1 (full 0):
 PSYoungGen      total 18432K, used 15872K [0x00000000eb600000, 0x00000000eca80000, 0x0000000100000000)
  eden space 15872K, 100% used [0x00000000eb600000,0x00000000ec580000,0x00000000ec580000)
  from space 2560K, 0% used [0x00000000ec800000,0x00000000ec800000,0x00000000eca80000)
  to   space 2560K, 0% used [0x00000000ec580000,0x00000000ec580000,0x00000000ec800000)
 ParOldGen       total 42496K, used 0K [0x00000000c2200000, 0x00000000c4b80000, 0x00000000eb600000)
  object space 42496K, 0% used [0x00000000c2200000,0x00000000c2200000,0x00000000c4b80000)
 Metaspace       used 7206K, capacity 7388K, committed 7552K, reserved 1056768K
  class space    used 828K, capacity 892K, committed 896K, reserved 1048576K
Event: 1.467 GC heap after
Heap after GC invocations=1 (full 0):
 PSYoungGen      total 18432K, used 2550K [0x00000000eb600000, 0x00000000eca80000, 0x0000000100000000)
  eden space 15872K, 0% used [0x00000000eb600000,0x00000000eb600000,0x00000000ec580000)
  from space 2560K, 99% used [0x00000000ec580000,0x00000000ec7fdb08,0x00000000ec800000)
  to   space 2560K, 0% used [0x00000000ec800000,0x00000000ec800000,0x00000000eca80000)
 ParOldGen       total 42496K, used 1265K [0x00000000c2200000, 0x00000000c4b80000, 0x00000000eb600000)
  object space 42496K, 2% used [0x00000000c2200000,0x00000000c233c770,0x00000000c4b80000)
 Metaspace       used 7206K, capacity 7388K, committed 7552K, reserved 1056768K
  class space    used 828K, capacity 892K, committed 896K, reserved 1048576K
}
Event: 1.731 GC heap before
{Heap before GC invocations=2 (full 0):
 PSYoungGen      total 18432K, used 18422K [0x00000000eb600000, 0x00000000eca80000, 0x0000000100000000)
  eden space 15872K, 100% used [0x00000000eb600000,0x00000000ec580000,0x00000000ec580000)
  from space 2560K, 99% used [0x00000000ec580000,0x00000000ec7fdb08,0x00000000ec800000)
  to   space 2560K, 0% used [0x00000000ec800000,0x00000000ec800000,0x00000000eca80000)
 ParOldGen       total 42496K, used 1265K [0x00000000c2200000, 0x00000000c4b80000, 0x00000000eb600000)
  object space 42496K, 2% used [0x00000000c2200000,0x00000000c233c770,0x00000000c4b80000)
 Metaspace       used 8433K, capacity 8604K, committed 8832K, reserved 1056768K
  class space    used 1038K, capacity 1084K, committed 1152K, reserved 1048576K
Event: 1.736 GC heap after
Heap after GC invocations=2 (full 0):
 PSYoungGen      total 18432K, used 2555K [0x00000000eb600000, 0x00000000eda00000, 0x0000000100000000)
  eden space 15872K, 0% used [0x00000000eb600000,0x00000000eb600000,0x00000000ec580000)
  from space 2560K, 99% used [0x00000000ec800000,0x00000000eca7ef60,0x00000000eca80000)
  to   space 2560K, 0% used [0x00000000ec580000,0x00000000ec580000,0x00000000ec800000)
 ParOldGen       total 42496K, used 1807K [0x00000000c2200000, 0x00000000c4b80000, 0x00000000eb600000)
  object space 42496K, 4% used [0x00000000c2200000,0x00000000c23c3fe0,0x00000000c4b80000)
 Metaspace       used 8433K, capacity 8604K, committed 8832K, reserved 1056768K
  class space    used 1038K, capacity 1084K, committed 1152K, reserved 1048576K
}
Event: 2.047 GC heap before
{Heap before GC invocations=3 (full 0):
 PSYoungGen      total 18432K, used 18427K [0x00000000eb600000, 0x00000000eda00000, 0x0000000100000000)
  eden space 15872K, 100% used [0x00000000eb600000,0x00000000ec580000,0x00000000ec580000)
  from space 2560K, 99% used [0x00000000ec800000,0x00000000eca7ef60,0x00000000eca80000)
  to   space 2560K, 0% used [0x00000000ec580000,0x00000000ec580000,0x00000000ec800000)
 ParOldGen       total 42496K, used 1807K [0x00000000c2200000, 0x00000000c4b80000, 0x00000000eb600000)
  object space 42496K, 4% used [0x00000000c2200000,0x00000000c23c3fe0,0x00000000c4b80000)
 Metaspace       used 10408K, capacity 10584K, committed 10880K, reserved 1058816K
  class space    used 1260K, capacity 1317K, committed 1408K, reserved 1048576K
Event: 2.053 GC heap after
Heap after GC invocations=3 (full 0):
 PSYoungGen      total 18432K, used 2552K [0x00000000eb600000, 0x00000000eda00000, 0x0000000100000000)
  eden space 15872K, 0% used [0x00000000eb600000,0x00000000eb600000,0x00000000ec580000)
  from space 2560K, 99% used [0x00000000ec580000,0x00000000ec7fe030,0x00000000ec800000)
  to   space 2560K, 0% used [0x00000000ed780000,0x00000000ed780000,0x00000000eda00000)
 ParOldGen       total 42496K, used 3891K [0x00000000c2200000, 0x00000000c4b80000, 0x00000000eb600000)
  object space 42496K, 9% used [0x00000000c2200000,0x00000000c25ccea0,0x00000000c4b80000)
 Metaspace       used 10408K, capacity 10584K, committed 10880K, reserved 1058816K
  class space    used 1260K, capacity 1317K, committed 1408K, reserved 1048576K
}
Event: 2.334 GC heap before
{Heap before GC invocations=4 (full 0):
 PSYoungGen      total 18432K, used 18424K [0x00000000eb600000, 0x00000000eda00000, 0x0000000100000000)
  eden space 15872K, 100% used [0x00000000eb600000,0x00000000ec580000,0x00000000ec580000)
  from space 2560K, 99% used [0x00000000ec580000,0x00000000ec7fe030,0x00000000ec800000)
  to   space 2560K, 0% used [0x00000000ed780000,0x00000000ed780000,0x00000000eda00000)
 ParOldGen       total 42496K, used 3891K [0x00000000c2200000, 0x00000000c4b80000, 0x00000000eb600000)
  object space 42496K, 9% used [0x00000000c2200000,0x00000000c25ccea0,0x00000000c4b80000)
 Metaspace       used 12267K, capacity 12552K, committed 12672K, reserved 1060864K
  class space    used 1524K, capacity 1608K, committed 1664K, reserved 1048576K
Event: 2.342 GC heap after
Heap after GC invocations=4 (full 0):
 PSYoungGen      total 34304K, used 2536K [0x00000000eb600000, 0x00000000eda00000, 0x0000000100000000)
  eden space 31744K, 0% used [0x00000000eb600000,0x00000000eb600000,0x00000000ed500000)
  from space 2560K, 99% used [0x00000000ed780000,0x00000000ed9fa060,0x00000000eda00000)
  to   space 2560K, 0% used [0x00000000ed500000,0x00000000ed500000,0x00000000ed780000)
 ParOldGen       total 42496K, used 6471K [0x00000000c2200000, 0x00000000c4b80000, 0x00000000eb600000)
  object space 42496K, 15% used [0x00000000c2200000,0x00000000c2851c50,0x00000000c4b80000)
 Metaspace       used 12267K, capacity 12552K, committed 12672K, reserved 1060864K
  class space    used 1524K, capacity 1608K, committed 1664K, reserved 1048576K
}

Deoptimization events (10 events):
Event: 1.781 Thread 0x0000000001fad800 Uncommon trap: reason=unstable_if action=reinterpret pc=0x000000000283e1f4 method=sun.nio.cs.StreamDecoder.implRead([CII)I @ 197
Event: 1.900 Thread 0x0000000001fad800 Uncommon trap: reason=bimorphic action=maybe_recompile pc=0x00000000028be110 method=java.util.HashMap.putVal(ILjava/lang/Object;Ljava/lang/Object;ZZ)Ljava/lang/Object; @ 203
Event: 2.382 Thread 0x0000000001fad800 Uncommon trap: reason=bimorphic action=maybe_recompile pc=0x00000000028be110 method=java.util.HashMap.putVal(ILjava/lang/Object;Ljava/lang/Object;ZZ)Ljava/lang/Object; @ 203
Event: 2.382 Thread 0x0000000001fad800 Uncommon trap: reason=bimorphic action=maybe_recompile pc=0x00000000028be110 method=java.util.HashMap.putVal(ILjava/lang/Object;Ljava/lang/Object;ZZ)Ljava/lang/Object; @ 203
Event: 2.440 Thread 0x0000000001fad800 Uncommon trap: reason=unstable_if action=reinterpret pc=0x00000000028f40f4 method=java.util.concurrent.ConcurrentHashMap.putVal(Ljava/lang/Object;Ljava/lang/Object;Z)Ljava/lang/Object; @ 206
Event: 2.503 Thread 0x0000000001fad800 Uncommon trap: reason=bimorphic action=maybe_recompile pc=0x00000000028be110 method=java.util.HashMap.putVal(ILjava/lang/Object;Ljava/lang/Object;ZZ)Ljava/lang/Object; @ 203
Event: 2.575 Thread 0x0000000001fad800 Uncommon trap: reason=unstable_if action=reinterpret pc=0x00000000029e0ad8 method=java.lang.reflect.Modifier.isSynthetic(I)Z @ 5
Event: 2.785 Thread 0x0000000001fad800 Uncommon trap: reason=unstable_if action=reinterpret pc=0x000000000289358c method=org.codehaus.plexus.util.xml.pull.MXParser.parseStartTag()I @ 443
Event: 2.999 Thread 0x0000000001fad800 Uncommon trap: reason=unstable_if action=reinterpret pc=0x0000000002802010 method=sun.nio.cs.UTF_8$Decoder.decodeArrayLoop(Ljava/nio/ByteBuffer;Ljava/nio/CharBuffer;)Ljava/nio/charset/CoderResult; @ 84
Event: 3.057 Thread 0x0000000001fad800 Uncommon trap: reason=unstable_if action=reinterpret pc=0x0000000002715f04 method=java.lang.String.replace(CC)Ljava/lang/String; @ 2

Internal exceptions (10 events):
Event: 1.552 Thread 0x0000000001fad800 Exception <a 'java/lang/ArrayIndexOutOfBoundsException'> (0x00000000eb9b5ce8) thrown at [C:\re\workspace\8-2-build-windows-amd64-cygwin\jdk8u121\8372\hotspot\src\share\vm\runtime\sharedRuntime.cpp, line 605]
Event: 1.552 Thread 0x0000000001fad800 Exception <a 'java/lang/ArrayIndexOutOfBoundsException'> (0x00000000eb9b6a88) thrown at [C:\re\workspace\8-2-build-windows-amd64-cygwin\jdk8u121\8372\hotspot\src\share\vm\runtime\sharedRuntime.cpp, line 605]
Event: 1.552 Thread 0x0000000001fad800 Exception <a 'java/lang/ArrayIndexOutOfBoundsException'> (0x00000000eb9b8700) thrown at [C:\re\workspace\8-2-build-windows-amd64-cygwin\jdk8u121\8372\hotspot\src\share\vm\runtime\sharedRuntime.cpp, line 605]
Event: 1.552 Thread 0x0000000001fad800 Exception <a 'java/lang/ArrayIndexOutOfBoundsException'> (0x00000000eb9b9c58) thrown at [C:\re\workspace\8-2-build-windows-amd64-cygwin\jdk8u121\8372\hotspot\src\share\vm\runtime\sharedRuntime.cpp, line 605]
Event: 1.553 Thread 0x0000000001fad800 Exception <a 'java/lang/ArrayIndexOutOfBoundsException'> (0x00000000eb9bb4c8) thrown at [C:\re\workspace\8-2-build-windows-amd64-cygwin\jdk8u121\8372\hotspot\src\share\vm\runtime\sharedRuntime.cpp, line 605]
Event: 1.729 Thread 0x0000000001fad800 Exception <a 'java/lang/ArrayIndexOutOfBoundsException': 73> (0x00000000ec579608) thrown at [C:\re\workspace\8-2-build-windows-amd64-cygwin\jdk8u121\8372\hotspot\src\share\vm\interpreter\interpreterRuntime.cpp, line 366]
Event: 1.729 Thread 0x0000000001fad800 Exception <a 'java/lang/ArrayIndexOutOfBoundsException': 131> (0x00000000ec57afb0) thrown at [C:\re\workspace\8-2-build-windows-amd64-cygwin\jdk8u121\8372\hotspot\src\share\vm\interpreter\interpreterRuntime.cpp, line 366]
Event: 2.489 Thread 0x0000000001fad800 Exception <a 'java/lang/NoClassDefFoundError': com/google/inject/servlet/ServletModuleTargetVisitor> (0x00000000ebb26020) thrown at [C:\re\workspace\8-2-build-windows-amd64-cygwin\jdk8u121\8372\hotspot\src\share\vm\classfile\systemDictionary.cpp, line 199
Event: 2.489 Thread 0x0000000001fad800 Exception <a 'java/lang/NoClassDefFoundError'> (0x00000000ebb26020) thrown at [C:\re\workspace\8-2-build-windows-amd64-cygwin\jdk8u121\8372\hotspot\src\share\vm\prims\jvm.cpp, line 1394]
Event: 2.489 Thread 0x0000000001fad800 Exception <a 'java/lang/NoClassDefFoundError': javax/annotation/Priority> (0x00000000ebb2b058) thrown at [C:\re\workspace\8-2-build-windows-amd64-cygwin\jdk8u121\8372\hotspot\src\share\vm\classfile\systemDictionary.cpp, line 199]

Events (10 events):
Event: 3.131 loading class org/eclipse/aether/internal/impl/DefaultSyncContextFactory$DefaultSyncContext
Event: 3.131 loading class org/eclipse/aether/internal/impl/DefaultSyncContextFactory$DefaultSyncContext done
Event: 3.132 loading class org/eclipse/aether/RepositoryEvent$Builder
Event: 3.132 loading class org/eclipse/aether/RepositoryEvent$Builder done
Event: 3.132 loading class org/eclipse/aether/RepositoryEvent$EventType
Event: 3.132 loading class org/eclipse/aether/RepositoryEvent$EventType done
Event: 3.133 loading class org/eclipse/aether/internal/impl/DefaultRepositoryEventDispatcher$1
Event: 3.133 loading class org/eclipse/aether/internal/impl/DefaultRepositoryEventDispatcher$1 done
Event: 3.135 loading class org/eclipse/aether/repository/LocalArtifactRequest
Event: 3.135 loading class org/eclipse/aether/repository/LocalArtifactRequest done


Dynamic libraries:
0x00007ff6ed730000 - 0x00007ff6ed767000 	D:\Program Files\Java\jdk1.8.0_121\bin\java.exe
0x00007ffe92130000 - 0x00007ffe922d9000 	C:\Windows\SYSTEM32\ntdll.dll
0x00007ffe8fa10000 - 0x00007ffe8fb49000 	C:\Windows\system32\KERNEL32.DLL
0x00007ffe8f800000 - 0x00007ffe8f90e000 	C:\Windows\system32\KERNELBASE.dll
0x00007ffe91d90000 - 0x00007ffe91e35000 	C:\Windows\system32\ADVAPI32.dll
0x00007ffe906c0000 - 0x00007ffe90831000 	C:\Windows\system32\USER32.dll
0x00007ffe8d1f0000 - 0x00007ffe8d44a000 	C:\Windows\WinSxS\amd64_microsoft.windows.common-controls_6595b64144ccf1df_6.0.9600.16384_none_62475f7becb72503\COMCTL32.dll
0x00007ffe90610000 - 0x00007ffe906b7000 	C:\Windows\system32\msvcrt.dll
0x00007ffe8fbc0000 - 0x00007ffe8fc17000 	C:\Windows\SYSTEM32\sechost.dll
0x00007ffe8fc20000 - 0x00007ffe8fd56000 	C:\Windows\system32\RPCRT4.dll
0x00007ffe91e40000 - 0x00007ffe91f85000 	C:\Windows\system32\GDI32.dll
0x00007ffe8f9c0000 - 0x00007ffe8f9f4000 	C:\Windows\system32\IMM32.DLL
0x00007ffe90840000 - 0x00007ffe90979000 	C:\Windows\system32\MSCTF.dll
0x0000000061690000 - 0x0000000061762000 	D:\Program Files\Java\jdk1.8.0_121\jre\bin\msvcr100.dll
0x0000000061770000 - 0x000000006200b000 	D:\Program Files\Java\jdk1.8.0_121\jre\bin\server\jvm.dll
0x00007ffe8c730000 - 0x00007ffe8c739000 	C:\Windows\SYSTEM32\WSOCK32.dll
0x00007ffe866b0000 - 0x00007ffe866cf000 	C:\Windows\SYSTEM32\WINMM.dll
0x00007ffe890e0000 - 0x00007ffe890ea000 	C:\Windows\SYSTEM32\VERSION.dll
0x00007ffe8fb50000 - 0x00007ffe8fb57000 	C:\Windows\system32\PSAPI.DLL
0x00007ffe8fb60000 - 0x00007ffe8fbb8000 	C:\Windows\system32\WS2_32.dll
0x00007ffe86680000 - 0x00007ffe866aa000 	C:\Windows\SYSTEM32\WINMMBASE.dll
0x00007ffe905f0000 - 0x00007ffe905f9000 	C:\Windows\system32\NSI.dll
0x00007ffe8f7b0000 - 0x00007ffe8f7fa000 	C:\Windows\SYSTEM32\cfgmgr32.dll
0x00007ffe8e320000 - 0x00007ffe8e346000 	C:\Windows\SYSTEM32\DEVOBJ.dll
0x0000000061680000 - 0x000000006168f000 	D:\Program Files\Java\jdk1.8.0_121\jre\bin\verify.dll
0x0000000061650000 - 0x0000000061679000 	D:\Program Files\Java\jdk1.8.0_121\jre\bin\java.dll
0x0000000061630000 - 0x0000000061646000 	D:\Program Files\Java\jdk1.8.0_121\jre\bin\zip.dll
0x00007ffe90980000 - 0x00007ffe91d8d000 	C:\Windows\system32\SHELL32.dll
0x00007ffe90280000 - 0x00007ffe90457000 	C:\Windows\SYSTEM32\combase.dll
0x00007ffe904c0000 - 0x00007ffe90511000 	C:\Windows\system32\SHLWAPI.dll
0x00007ffe8db40000 - 0x00007ffe8dbe1000 	C:\Windows\SYSTEM32\SHCORE.dll
0x00007ffe8f4b0000 - 0x00007ffe8f4c4000 	C:\Windows\SYSTEM32\profapi.dll
0x00007ffe8bf30000 - 0x00007ffe8bf40000 	D:\Program Files\idea\IntelliJ IDEA 2016.3.4\bin\breakgen64.dll
0x0000000061420000 - 0x000000006143a000 	D:\Program Files\Java\jdk1.8.0_121\jre\bin\net.dll
0x00007ffe8ecf0000 - 0x00007ffe8ed48000 	C:\Windows\system32\mswsock.dll
0x00007ffe8bf20000 - 0x00007ffe8bf2a000 	D:\Program Files\apache-maven-3.5.0\lib\jansi-native\windows64\jansi.dll

VM Arguments:
jvm_args: -Dmaven.multiModuleProjectDirectory=D:\myssm -Dmaven.home=D:\Program Files\apache-maven-3.5.0 -Dclassworlds.conf=D:\Program Files\apache-maven-3.5.0\bin\m2.conf -Didea.launcher.port=7534 -Didea.launcher.bin.path=D:\Program Files\idea\IntelliJ IDEA 2016.3.4\bin -Dfile.encoding=UTF-8 
java_command: com.intellij.rt.execution.application.AppMain org.codehaus.classworlds.Launcher -Didea.version=2016.3.4 clean
java_class_path (initial): D:\Program Files\apache-maven-3.5.0\boot\plexus-classworlds-2.5.2.jar;D:\Program Files\idea\IntelliJ IDEA 2016.3.4\lib\idea_rt.jar
Launcher Type: SUN_STANDARD

Environment Variables:
JAVA_HOME=D:\Program Files\Java\jdk1.8.0_121
JRE_HOME=D:\Program Files\Java\jre1.8
CLASSPATH=.D:\Program Files\Java\jdk1.8.0_121\lib;D:\Program Files\Java\jdk1.8.0_121\lib\tools.jar
PATH=C:\Windows\system32;C:\Windows;C:\Windows\System32\Wbem;C:\Windows\System32\WindowsPowerShell\v1.0\;;D:\Program Files\Java\jdk1.8.0_121\bin;D:\Program Files\Java\jdk1.8.0_121\jre\bin;C:\Program Files\nodejs\;D:\Program Files\apache-maven-3.5.0\bin;D:\Program Files\mysql-5.6.26-winx64\bin;C:\Users\Administrator\AppData\Roaming\npm
USERNAME=Administrator
OS=Windows_NT
PROCESSOR_IDENTIFIER=Intel64 Family 6 Model 37 Stepping 5, GenuineIntel



---------------  S Y S T E M  ---------------

OS: Windows 8.1 , 64 bit Build 9600 (6.3.9600.16656)

CPU:total 4 (2 cores per cpu, 2 threads per core) family 6 model 37 stepping 5, cmov, cx8, fxsr, mmx, sse, sse2, sse3, ssse3, sse4.1, sse4.2, popcnt, ht, tsc, tscinvbit

Memory: 4k page, physical 4053872k(1462300k free), swap 4053872k(4192k free)

vm_info: Java HotSpot(TM) 64-Bit Server VM (25.121-b13) for windows-amd64 JRE (1.8.0_121-b13), built on Dec 12 2016 18:21:36 by "java_re" with MS VC++ 10.0 (VS2010)

time: Sun Oct 15 13:27:34 2017
elapsed time: 3 seconds (0d 0h 0m 3s)

