#
# There is insufficient memory for the Java Runtime Environment to continue.
# Native memory allocation (malloc) failed to allocate 465600 bytes for Chunk::new
# Possible reasons:
#   The system is out of physical RAM or swap space
#   In 32 bit mode, the process size limit was hit
# Possible solutions:
#   Reduce memory load on the system
#   Increase physical memory or swap space
#   Check if swap backing store is full
#   Use 64 bit Java on a 64 bit OS
#   Decrease Java heap size (-Xmx/-Xms)
#   Decrease number of Java threads
#   Decrease Java thread stack sizes (-Xss)
#   Set larger code cache with -XX:ReservedCodeCacheSize=
# This output file may be truncated or incomplete.
#
#  Out of Memory Error (allocation.cpp:390), pid=3292, tid=0x0000000000000c74
#
# JRE version: Java(TM) SE Runtime Environment (8.0_121-b13) (build 1.8.0_121-b13)
# Java VM: Java HotSpot(TM) 64-Bit Server VM (25.121-b13 mixed mode windows-amd64 compressed oops)
# Failed to write core dump. Minidumps are not enabled by default on client versions of Windows
#

---------------  T H R E A D  ---------------

Current thread (0x0000000014d5c000):  JavaThread "C2 CompilerThread0" daemon [_thread_in_native, id=3188, stack(0x00000000166b0000,0x00000000167b0000)]

Stack: [0x00000000166b0000,0x00000000167b0000]
[error occurred during error reporting (printing stack bounds), id 0xc0000005]

Native frames: (J=compiled Java code, j=interpreted, Vv=VM code, C=native code)


Current CompileTask:
C2:   2141 1207   !   4       java.lang.ClassLoader::loadClass (122 bytes)


---------------  P R O C E S S  ---------------

Java Threads: ( => current thread )
  0x00000000161b9800 JavaThread "Monitor Ctrl-Break" daemon [_thread_in_native, id=4528, stack(0x0000000016bd0000,0x0000000016cd0000)]
  0x000000001613a800 JavaThread "Service Thread" daemon [_thread_blocked, id=4248, stack(0x00000000169b0000,0x0000000016ab0000)]
  0x00000000160c6000 JavaThread "C1 CompilerThread2" daemon [_thread_in_vm, id=1036, stack(0x00000000168b0000,0x00000000169b0000)]
  0x0000000014d5d800 JavaThread "C2 CompilerThread1" daemon [_thread_blocked, id=4020, stack(0x00000000167b0000,0x00000000168b0000)]
=>0x0000000014d5c000 JavaThread "C2 CompilerThread0" daemon [_thread_in_native, id=3188, stack(0x00000000166b0000,0x00000000167b0000)]
  0x0000000014d0e800 JavaThread "Attach Listener" daemon [_thread_blocked, id=4948, stack(0x00000000165b0000,0x00000000166b0000)]
  0x00000000160b8800 JavaThread "Signal Dispatcher" daemon [_thread_blocked, id=2192, stack(0x00000000164b0000,0x00000000165b0000)]
  0x0000000014ce9000 JavaThread "Finalizer" daemon [_thread_blocked, id=4868, stack(0x0000000015f60000,0x0000000016060000)]
  0x0000000002771000 JavaThread "Reference Handler" daemon [_thread_blocked, id=3492, stack(0x0000000015e60000,0x0000000015f60000)]
  0x0000000000b5d800 JavaThread "main" [_thread_in_native, id=3432, stack(0x0000000002580000,0x0000000002680000)]

Other Threads:
  0x0000000014cc7800 VMThread [stack: 0x0000000015d60000,0x0000000015e60000] [id=4884]
  0x000000001617a800 WatcherThread [stack: 0x0000000016ab0000,0x0000000016bb0000] [id=36]

VM state:not at safepoint (normal execution)

VM Mutex/Monitor currently owned by a thread:  ([mutex/lock_event])
[0x0000000002680ad0] CompiledIC_lock - owner thread: 0x0000000000000000

Heap:
 PSYoungGen      total 18432K, used 314K [0x00000000eb600000, 0x00000000eca80000, 0x0000000100000000)
  eden space 15872K, 1% used [0x00000000eb600000,0x00000000eb64e968,0x00000000ec580000)
  from space 2560K, 0% used [0x00000000ec580000,0x00000000ec580000,0x00000000ec800000)
  to   space 2560K, 0% used [0x00000000ec800000,0x00000000ec800000,0x00000000eca80000)
 ParOldGen       total 32256K, used 4470K [0x00000000c2200000, 0x00000000c4180000, 0x00000000eb600000)
  object space 32256K, 13% used [0x00000000c2200000,0x00000000c265d880,0x00000000c4180000)
 Metaspace       used 13319K, capacity 13614K, committed 13824K, reserved 1062912K
  class space    used 1678K, capacity 1779K, committed 1792K, reserved 1048576K

Card table byte_map: [0x0000000011b40000,0x0000000011d30000] byte_map_base: 0x000000001152f000

Marking Bits: (ParMarkBitMap*) 0x00000000617fb6d0
 Begin Bits: [0x0000000012280000, 0x00000000131f8000)
 End Bits:   [0x00000000131f8000, 0x0000000014170000)

Polling page: 0x0000000000ac0000

CodeCache: size=245760Kb used=4652Kb max_used=4655Kb free=241107Kb
 bounds [0x0000000002780000, 0x0000000002c10000, 0x0000000011780000]
 total_blobs=1681 nmethods=1351 adapters=242
 compilation: disabled (not enough contiguous free space left)

Compilation events (10 events):
Event: 1.803 Thread 0x00000000160c6000 1302       3       java.lang.reflect.Modifier::isFinal (13 bytes)
Event: 1.803 Thread 0x00000000160c6000 nmethod 1302 0x0000000002be0590 code [0x0000000002be06e0, 0x0000000002be0870]
Event: 1.803 Thread 0x00000000160c6000 1305   !   3       com.google.common.cache.LocalCache$Segment::getAndRecordStats (152 bytes)
Event: 1.805 Thread 0x00000000160c6000 nmethod 1305 0x0000000002be4450 code [0x0000000002be4780, 0x0000000002be5ec8]
Event: 1.805 Thread 0x00000000160c6000 1304   !   3       com.google.common.cache.LocalCache$LoadingValueReference::loadFuture (122 bytes)
Event: 1.806 Thread 0x0000000014d5d800 1311       4       com.google.inject.internal.MoreTypes::canonicalize (148 bytes)
Event: 1.807 Thread 0x00000000160c6000 nmethod 1304 0x0000000002bde450 code [0x0000000002bde740, 0x0000000002bdfa88]
Event: 1.807 Thread 0x00000000160c6000 1300       3       org.eclipse.sisu.bean.BeanPropertyField::getAnnotation (9 bytes)
Event: 1.807 Thread 0x00000000160c6000 nmethod 1300 0x0000000002be7010 code [0x0000000002be7200, 0x0000000002be7a88]
Event: 1.807 Thread 0x00000000160c6000 1306       3       com.google.common.collect.ImmutableSet::builder (8 bytes)

GC Heap History (8 events):
Event: 0.829 GC heap before
{Heap before GC invocations=1 (full 0):
 PSYoungGen      total 18432K, used 15872K [0x00000000eb600000, 0x00000000eca80000, 0x0000000100000000)
  eden space 15872K, 100% used [0x00000000eb600000,0x00000000ec580000,0x00000000ec580000)
  from space 2560K, 0% used [0x00000000ec800000,0x00000000ec800000,0x00000000eca80000)
  to   space 2560K, 0% used [0x00000000ec580000,0x00000000ec580000,0x00000000ec800000)
 ParOldGen       total 42496K, used 0K [0x00000000c2200000, 0x00000000c4b80000, 0x00000000eb600000)
  object space 42496K, 0% used [0x00000000c2200000,0x00000000c2200000,0x00000000c4b80000)
 Metaspace       used 7146K, capacity 7328K, committed 7552K, reserved 1056768K
  class space    used 841K, capacity 892K, committed 896K, reserved 1048576K
Event: 0.834 GC heap after
Heap after GC invocations=1 (full 0):
 PSYoungGen      total 18432K, used 2543K [0x00000000eb600000, 0x00000000eca80000, 0x0000000100000000)
  eden space 15872K, 0% used [0x00000000eb600000,0x00000000eb600000,0x00000000ec580000)
  from space 2560K, 99% used [0x00000000ec580000,0x00000000ec7fbfb8,0x00000000ec800000)
  to   space 2560K, 0% used [0x00000000ec800000,0x00000000ec800000,0x00000000eca80000)
 ParOldGen       total 42496K, used 1159K [0x00000000c2200000, 0x00000000c4b80000, 0x00000000eb600000)
  object space 42496K, 2% used [0x00000000c2200000,0x00000000c2321e30,0x00000000c4b80000)
 Metaspace       used 7146K, capacity 7328K, committed 7552K, reserved 1056768K
  class space    used 841K, capacity 892K, committed 896K, reserved 1048576K
}
Event: 1.071 GC heap before
{Heap before GC invocations=2 (full 0):
 PSYoungGen      total 18432K, used 18415K [0x00000000eb600000, 0x00000000eca80000, 0x0000000100000000)
  eden space 15872K, 100% used [0x00000000eb600000,0x00000000ec580000,0x00000000ec580000)
  from space 2560K, 99% used [0x00000000ec580000,0x00000000ec7fbfb8,0x00000000ec800000)
  to   space 2560K, 0% used [0x00000000ec800000,0x00000000ec800000,0x00000000eca80000)
 ParOldGen       total 42496K, used 1159K [0x00000000c2200000, 0x00000000c4b80000, 0x00000000eb600000)
  object space 42496K, 2% used [0x00000000c2200000,0x00000000c2321e30,0x00000000c4b80000)
 Metaspace       used 8199K, capacity 8352K, committed 8576K, reserved 1056768K
  class space    used 1021K, capacity 1084K, committed 1152K, reserved 1048576K
Event: 1.076 GC heap after
Heap after GC invocations=2 (full 0):
 PSYoungGen      total 18432K, used 2536K [0x00000000eb600000, 0x00000000eca80000, 0x0000000100000000)
  eden space 15872K, 0% used [0x00000000eb600000,0x00000000eb600000,0x00000000ec580000)
  from space 2560K, 99% used [0x00000000ec800000,0x00000000eca7a398,0x00000000eca80000)
  to   space 2560K, 0% used [0x00000000ec580000,0x00000000ec580000,0x00000000ec800000)
 ParOldGen       total 42496K, used 1516K [0x00000000c2200000, 0x00000000c4b80000, 0x00000000eb600000)
  object space 42496K, 3% used [0x00000000c2200000,0x00000000c237b248,0x00000000c4b80000)
 Metaspace       used 8199K, capacity 8352K, committed 8576K, reserved 1056768K
  class space    used 1021K, capacity 1084K, committed 1152K, reserved 1048576K
}
Event: 1.336 GC heap before
{Heap before GC invocations=3 (full 0):
 PSYoungGen      total 18432K, used 18382K [0x00000000eb600000, 0x00000000eca80000, 0x0000000100000000)
  eden space 15872K, 99% used [0x00000000eb600000,0x00000000ec5796c0,0x00000000ec580000)
  from space 2560K, 99% used [0x00000000ec800000,0x00000000eca7a398,0x00000000eca80000)
  to   space 2560K, 0% used [0x00000000ec580000,0x00000000ec580000,0x00000000ec800000)
 ParOldGen       total 42496K, used 1516K [0x00000000c2200000, 0x00000000c4b80000, 0x00000000eb600000)
  object space 42496K, 3% used [0x00000000c2200000,0x00000000c237b248,0x00000000c4b80000)
 Metaspace       used 10182K, capacity 10332K, committed 10624K, reserved 1058816K
  class space    used 1251K, capacity 1317K, committed 1408K, reserved 1048576K
Event: 1.342 GC heap after
Heap after GC invocations=3 (full 0):
 PSYoungGen      total 18432K, used 2552K [0x00000000eb600000, 0x00000000eca80000, 0x0000000100000000)
  eden space 15872K, 0% used [0x00000000eb600000,0x00000000eb600000,0x00000000ec580000)
  from space 2560K, 99% used [0x00000000ec580000,0x00000000ec7fe010,0x00000000ec800000)
  to   space 2560K, 0% used [0x00000000ec800000,0x00000000ec800000,0x00000000eca80000)
 ParOldGen       total 42496K, used 3640K [0x00000000c2200000, 0x00000000c4b80000, 0x00000000eb600000)
  object space 42496K, 8% used [0x00000000c2200000,0x00000000c258e160,0x00000000c4b80000)
 Metaspace       used 10182K, capacity 10332K, committed 10624K, reserved 1058816K
  class space    used 1251K, capacity 1317K, committed 1408K, reserved 1048576K
}
Event: 1.653 GC heap before
{Heap before GC invocations=4 (full 0):
 PSYoungGen      total 18432K, used 18424K [0x00000000eb600000, 0x00000000eca80000, 0x0000000100000000)
  eden space 15872K, 100% used [0x00000000eb600000,0x00000000ec580000,0x00000000ec580000)
  from space 2560K, 99% used [0x00000000ec580000,0x00000000ec7fe010,0x00000000ec800000)
  to   space 2560K, 0% used [0x00000000ec800000,0x00000000ec800000,0x00000000eca80000)
 ParOldGen       total 42496K, used 3640K [0x00000000c2200000, 0x00000000c4b80000, 0x00000000eb600000)
  object space 42496K, 8% used [0x00000000c2200000,0x00000000c258e160,0x00000000c4b80000)
 Metaspace       used 12165K, capacity 12466K, committed 12672K, reserved 1060864K
  class space    used 1530K, capacity 1641K, committed 1664K, reserved 1048576K
Event: 1.661 GC heap after
Heap after GC invocations=4 (full 0):
 PSYoungGen      total 18432K, used 2552K [0x00000000eb600000, 0x00000000eca80000, 0x0000000100000000)
  eden space 15872K, 0% used [0x00000000eb600000,0x00000000eb600000,0x00000000ec580000)
  from space 2560K, 99% used [0x00000000ec800000,0x00000000eca7e030,0x00000000eca80000)
  to   space 2560K, 0% used [0x00000000ec580000,0x00000000ec580000,0x00000000ec800000)
 ParOldGen       total 42496K, used 6468K [0x00000000c2200000, 0x00000000c4b80000, 0x00000000eb600000)
  object space 42496K, 15% used [0x00000000c2200000,0x00000000c2851010,0x00000000c4b80000)
 Metaspace       used 12165K, capacity 12466K, committed 12672K, reserved 1060864K
  class space    used 1530K, capacity 1641K, committed 1664K, reserved 1048576K
}

Deoptimization events (5 events):
Event: 0.895 Thread 0x0000000000b5d800 Uncommon trap: reason=range_check action=make_not_entrant pc=0x00000000029d38e0 method=sun.reflect.generics.parser.SignatureParser.current()C @ 34
Event: 0.904 Thread 0x0000000000b5d800 Uncommon trap: reason=unstable_if action=reinterpret pc=0x000000000293a5e4 method=org.codehaus.plexus.util.xml.pull.MXParser.more()C @ 8
Event: 1.051 Thread 0x0000000000b5d800 Uncommon trap: reason=unstable_if action=reinterpret pc=0x0000000002a27aa8 method=org.codehaus.plexus.util.xml.pull.MXParser.isWhitespace()Z @ 20
Event: 1.054 Thread 0x0000000000b5d800 Uncommon trap: reason=unstable_if action=reinterpret pc=0x0000000002a229f4 method=org.codehaus.plexus.util.xml.pull.MXParser.nextImpl()I @ 241
Event: 1.715 Thread 0x0000000000b5d800 Uncommon trap: reason=unstable_if action=reinterpret pc=0x0000000002ac6d34 method=java.util.concurrent.ConcurrentHashMap.putVal(Ljava/lang/Object;Ljava/lang/Object;Z)Ljava/lang/Object; @ 206

Internal exceptions (10 events):
Event: 0.893 Thread 0x0000000000b5d800 Exception <a 'java/lang/ArrayIndexOutOfBoundsException'> (0x00000000eb8b3fb8) thrown at [C:\re\workspace\8-2-build-windows-amd64-cygwin\jdk8u121\8372\hotspot\src\share\vm\runtime\sharedRuntime.cpp, line 605]
Event: 0.894 Thread 0x0000000000b5d800 Exception <a 'java/lang/ArrayIndexOutOfBoundsException'> (0x00000000eb8b6448) thrown at [C:\re\workspace\8-2-build-windows-amd64-cygwin\jdk8u121\8372\hotspot\src\share\vm\runtime\sharedRuntime.cpp, line 605]
Event: 0.894 Thread 0x0000000000b5d800 Exception <a 'java/lang/ArrayIndexOutOfBoundsException'> (0x00000000eb8b8040) thrown at [C:\re\workspace\8-2-build-windows-amd64-cygwin\jdk8u121\8372\hotspot\src\share\vm\runtime\sharedRuntime.cpp, line 605]
Event: 0.894 Thread 0x0000000000b5d800 Exception <a 'java/lang/ArrayIndexOutOfBoundsException'> (0x00000000eb8b98c0) thrown at [C:\re\workspace\8-2-build-windows-amd64-cygwin\jdk8u121\8372\hotspot\src\share\vm\runtime\sharedRuntime.cpp, line 605]
Event: 0.894 Thread 0x0000000000b5d800 Exception <a 'java/lang/ArrayIndexOutOfBoundsException'> (0x00000000eb8bb718) thrown at [C:\re\workspace\8-2-build-windows-amd64-cygwin\jdk8u121\8372\hotspot\src\share\vm\runtime\sharedRuntime.cpp, line 605]
Event: 0.895 Thread 0x0000000000b5d800 Exception <a 'java/lang/ArrayIndexOutOfBoundsException': 100> (0x00000000eb8bce58) thrown at [C:\re\workspace\8-2-build-windows-amd64-cygwin\jdk8u121\8372\hotspot\src\share\vm\interpreter\interpreterRuntime.cpp, line 366]
Event: 0.895 Thread 0x0000000000b5d800 Exception <a 'java/lang/ArrayIndexOutOfBoundsException': 24> (0x00000000eb8bdba0) thrown at [C:\re\workspace\8-2-build-windows-amd64-cygwin\jdk8u121\8372\hotspot\src\share\vm\interpreter\interpreterRuntime.cpp, line 366]
Event: 1.741 Thread 0x0000000000b5d800 Exception <a 'java/lang/NoClassDefFoundError': com/google/inject/servlet/ServletModuleTargetVisitor> (0x00000000eb978a10) thrown at [C:\re\workspace\8-2-build-windows-amd64-cygwin\jdk8u121\8372\hotspot\src\share\vm\classfile\systemDictionary.cpp, line 199
Event: 1.741 Thread 0x0000000000b5d800 Exception <a 'java/lang/NoClassDefFoundError'> (0x00000000eb978a10) thrown at [C:\re\workspace\8-2-build-windows-amd64-cygwin\jdk8u121\8372\hotspot\src\share\vm\prims\jvm.cpp, line 1394]
Event: 1.742 Thread 0x0000000000b5d800 Exception <a 'java/lang/NoClassDefFoundError': javax/annotation/Priority> (0x00000000eb97dd90) thrown at [C:\re\workspace\8-2-build-windows-amd64-cygwin\jdk8u121\8372\hotspot\src\share\vm\classfile\systemDictionary.cpp, line 199]

Events (10 events):
Event: 1.797 loading class java/util/concurrent/LinkedBlockingQueue
Event: 1.797 loading class java/util/concurrent/LinkedBlockingQueue done
Event: 1.797 loading class java/util/concurrent/locks/AbstractQueuedSynchronizer$ConditionObject
Event: 1.797 loading class java/util/concurrent/locks/Condition
Event: 1.798 loading class java/util/concurrent/locks/Condition done
Event: 1.798 loading class java/util/concurrent/locks/AbstractQueuedSynchronizer$ConditionObject done
Event: 1.798 loading class java/util/concurrent/LinkedBlockingQueue$Node
Event: 1.798 loading class java/util/concurrent/LinkedBlockingQueue$Node done
Event: 1.798 loading class org/apache/maven/artifact/resolver/DefaultArtifactResolver$DaemonThreadCreator
Event: 1.798 loading class org/apache/maven/artifact/resolver/DefaultArtifactResolver$DaemonThreadCreator done


Dynamic libraries:
0x00007ff6d9150000 - 0x00007ff6d9187000 	D:\Program Files\Java\jdk1.8.0_121\bin\java.exe
0x00007ff8a9990000 - 0x00007ff8a9b39000 	C:\Windows\SYSTEM32\ntdll.dll
0x00007ff8a7780000 - 0x00007ff8a78b9000 	C:\Windows\system32\KERNEL32.DLL
0x00007ff8a6e30000 - 0x00007ff8a6f3e000 	C:\Windows\system32\KERNELBASE.dll
0x00007ff8a7530000 - 0x00007ff8a75d5000 	C:\Windows\system32\ADVAPI32.dll
0x00007ff8a73b0000 - 0x00007ff8a7521000 	C:\Windows\system32\USER32.dll
0x00007ff8a4a50000 - 0x00007ff8a4caa000 	C:\Windows\WinSxS\amd64_microsoft.windows.common-controls_6595b64144ccf1df_6.0.9600.16384_none_62475f7becb72503\COMCTL32.dll
0x00007ff8a7df0000 - 0x00007ff8a7e97000 	C:\Windows\system32\msvcrt.dll
0x00007ff8a7220000 - 0x00007ff8a7277000 	C:\Windows\SYSTEM32\sechost.dll
0x00007ff8a7b10000 - 0x00007ff8a7c46000 	C:\Windows\system32\RPCRT4.dll
0x00007ff8a9840000 - 0x00007ff8a9985000 	C:\Windows\system32\GDI32.dll
0x00007ff8a8000000 - 0x00007ff8a8034000 	C:\Windows\system32\IMM32.DLL
0x00007ff8a8040000 - 0x00007ff8a8179000 	C:\Windows\system32\MSCTF.dll
0x0000000060f00000 - 0x0000000060fd2000 	D:\Program Files\Java\jdk1.8.0_121\jre\bin\msvcr100.dll
0x0000000060fe0000 - 0x000000006187b000 	D:\Program Files\Java\jdk1.8.0_121\jre\bin\server\jvm.dll
0x00007ff8a1840000 - 0x00007ff8a1849000 	C:\Windows\SYSTEM32\WSOCK32.dll
0x00007ff89f380000 - 0x00007ff89f39f000 	C:\Windows\SYSTEM32\WINMM.dll
0x00007ff8a1a10000 - 0x00007ff8a1a1a000 	C:\Windows\SYSTEM32\VERSION.dll
0x00007ff8a9650000 - 0x00007ff8a9657000 	C:\Windows\system32\PSAPI.DLL
0x00007ff8a78d0000 - 0x00007ff8a7928000 	C:\Windows\system32\WS2_32.dll
0x00007ff89f2c0000 - 0x00007ff89f2ea000 	C:\Windows\SYSTEM32\WINMMBASE.dll
0x00007ff8a75e0000 - 0x00007ff8a75e9000 	C:\Windows\system32\NSI.dll
0x00007ff8a6de0000 - 0x00007ff8a6e2a000 	C:\Windows\SYSTEM32\cfgmgr32.dll
0x00007ff8a5b80000 - 0x00007ff8a5ba6000 	C:\Windows\SYSTEM32\DEVOBJ.dll
0x0000000060ef0000 - 0x0000000060eff000 	D:\Program Files\Java\jdk1.8.0_121\jre\bin\verify.dll
0x0000000060ec0000 - 0x0000000060ee9000 	D:\Program Files\Java\jdk1.8.0_121\jre\bin\java.dll
0x0000000060ea0000 - 0x0000000060eb6000 	D:\Program Files\Java\jdk1.8.0_121\jre\bin\zip.dll
0x00007ff8a8180000 - 0x00007ff8a958d000 	C:\Windows\system32\SHELL32.dll
0x00007ff8a7930000 - 0x00007ff8a7b07000 	C:\Windows\SYSTEM32\combase.dll
0x00007ff8a7350000 - 0x00007ff8a73a1000 	C:\Windows\system32\SHLWAPI.dll
0x00007ff8a53a0000 - 0x00007ff8a5441000 	C:\Windows\SYSTEM32\SHCORE.dll
0x00007ff8a6d10000 - 0x00007ff8a6d24000 	C:\Windows\SYSTEM32\profapi.dll
0x00007ff8a1880000 - 0x00007ff8a1890000 	D:\Program Files\idea\IntelliJ IDEA 2016.3.4\bin\breakgen64.dll
0x0000000060c90000 - 0x0000000060caa000 	D:\Program Files\Java\jdk1.8.0_121\jre\bin\net.dll
0x00007ff8a6550000 - 0x00007ff8a65a8000 	C:\Windows\system32\mswsock.dll

VM Arguments:
jvm_args: -Dmaven.multiModuleProjectDirectory=D:\workspace\mySSM -Dmaven.home=D:\Program Files\idea\IntelliJ IDEA 2016.3.4\plugins\maven\lib\maven3 -Dclassworlds.conf=D:\Program Files\idea\IntelliJ IDEA 2016.3.4\plugins\maven\lib\maven3\bin\m2.conf -Didea.launcher.port=7537 -Didea.launcher.bin.path=D:\Program Files\idea\IntelliJ IDEA 2016.3.4\bin -Dfile.encoding=UTF-8 
java_command: com.intellij.rt.execution.application.AppMain org.codehaus.classworlds.Launcher -Didea.version=2016.3.4 clean
java_class_path (initial): D:\Program Files\idea\IntelliJ IDEA 2016.3.4\plugins\maven\lib\maven3\boot\plexus-classworlds-2.5.2.jar;D:\Program Files\idea\IntelliJ IDEA 2016.3.4\lib\idea_rt.jar
Launcher Type: SUN_STANDARD

Environment Variables:
JAVA_HOME=D:\Program Files\Java\jdk1.8.0_121
JRE_HOME=D:\Program Files\Java\jre1.8
CLASSPATH=.D:\Program Files\Java\jdk1.8.0_121\lib;D:\Program Files\Java\jdk1.8.0_121\lib\tools.jar
PATH=C:\Windows\system32;C:\Windows;C:\Windows\System32\Wbem;C:\Windows\System32\WindowsPowerShell\v1.0\;;D:\Program Files\Java\jdk1.8.0_121\bin;D:\Program Files\Java\jdk1.8.0_121\jre\bin;C:\Program Files\nodejs\;D:\Program Files\apache-maven-3.5.0\bin;D:\Program Files\mysql-5.6.26-winx64\bin;C:\Users\Administrator\AppData\Roaming\npm
USERNAME=Administrator
OS=Windows_NT
PROCESSOR_IDENTIFIER=Intel64 Family 6 Model 37 Stepping 5, GenuineIntel



---------------  S Y S T E M  ---------------

OS: Windows 8.1 , 64 bit Build 9600 (6.3.9600.16656)

CPU:total 4 (2 cores per cpu, 2 threads per core) family 6 model 37 stepping 5, cmov, cx8, fxsr, mmx, sse, sse2, sse3, ssse3, sse4.1, sse4.2, popcnt, ht, tsc, tscinvbit

Memory: 4k page, physical 4053872k(1229940k free), swap 4053872k(14140k free)

vm_info: Java HotSpot(TM) 64-Bit Server VM (25.121-b13) for windows-amd64 JRE (1.8.0_121-b13), built on Dec 12 2016 18:21:36 by "java_re" with MS VC++ 10.0 (VS2010)

time: Sun Oct 15 00:36:11 2017
elapsed time: 2 seconds (0d 0h 0m 2s)

