#
# There is insufficient memory for the Java Runtime Environment to continue.
# Native memory allocation (malloc) failed to allocate 39312 bytes for Chunk::new
# Possible reasons:
#   The system is out of physical RAM or swap space
#   In 32 bit mode, the process size limit was hit
# Possible solutions:
#   Reduce memory load on the system
#   Increase physical memory or swap space
#   Check if swap backing store is full
#   Use 64 bit Java on a 64 bit OS
#   Decrease Java heap size (-Xmx/-Xms)
#   Decrease number of Java threads
#   Decrease Java thread stack sizes (-Xss)
#   Set larger code cache with -XX:ReservedCodeCacheSize=
# This output file may be truncated or incomplete.
#
#  Out of Memory Error (allocation.cpp:390), pid=4244, tid=0x0000000000000c48
#
# JRE version: Java(TM) SE Runtime Environment (8.0_121-b13) (build 1.8.0_121-b13)
# Java VM: Java HotSpot(TM) 64-Bit Server VM (25.121-b13 mixed mode windows-amd64 compressed oops)
# Failed to write core dump. Minidumps are not enabled by default on client versions of Windows
#

---------------  T H R E A D  ---------------

Current thread (0x0000000015a56000):  JavaThread "C1 CompilerThread2" daemon [_thread_in_native, id=3144, stack(0x0000000016240000,0x0000000016340000)]

Stack: [0x0000000016240000,0x0000000016340000]
[error occurred during error reporting (printing stack bounds), id 0xc0000005]

Native frames: (J=compiled Java code, j=interpreted, Vv=VM code, C=native code)


Current CompileTask:
C1:   5820  802       3       org.springframework.asm.ClassReader::readCode (2672 bytes)


---------------  P R O C E S S  ---------------

Java Threads: ( => current thread )
  0x0000000015b3d800 JavaThread "Monitor Ctrl-Break" daemon [_thread_in_native, id=180, stack(0x0000000016600000,0x0000000016700000)]
  0x0000000015ada000 JavaThread "Service Thread" daemon [_thread_blocked, id=736, stack(0x0000000016340000,0x0000000016440000)]
=>0x0000000015a56000 JavaThread "C1 CompilerThread2" daemon [_thread_in_native, id=3144, stack(0x0000000016240000,0x0000000016340000)]
  0x0000000015a53000 JavaThread "C2 CompilerThread1" daemon [_thread_blocked, id=4680, stack(0x0000000016140000,0x0000000016240000)]
  0x000000001473d800 JavaThread "C2 CompilerThread0" daemon [_thread_in_native, id=4600, stack(0x0000000016040000,0x0000000016140000)]
  0x000000001473c800 JavaThread "Attach Listener" daemon [_thread_blocked, id=4444, stack(0x0000000015f40000,0x0000000016040000)]
  0x00000000146ef800 JavaThread "Signal Dispatcher" daemon [_thread_blocked, id=2668, stack(0x0000000015e40000,0x0000000015f40000)]
  0x00000000146ca800 JavaThread "Finalizer" daemon [_thread_blocked, id=1112, stack(0x0000000015940000,0x0000000015a40000)]
  0x00000000020c1800 JavaThread "Reference Handler" daemon [_thread_blocked, id=5060, stack(0x0000000015840000,0x0000000015940000)]
  0x0000000001fd3800 JavaThread "main" [_thread_in_vm, id=2204, stack(0x0000000000440000,0x0000000000540000)]

Other Threads:
  0x00000000146a8000 VMThread [stack: 0x0000000015740000,0x0000000015840000] [id=2268]
  0x0000000015b07000 WatcherThread [stack: 0x0000000016440000,0x0000000016540000] [id=3296]

VM state:not at safepoint (normal execution)

VM Mutex/Monitor currently owned by a thread: None

Heap:
 PSYoungGen      total 18432K, used 3482K [0x00000000eb600000, 0x00000000eca80000, 0x0000000100000000)
  eden space 15872K, 5% used [0x00000000eb600000,0x00000000eb6eaf38,0x00000000ec580000)
  from space 2560K, 99% used [0x00000000ec800000,0x00000000eca7bbf0,0x00000000eca80000)
  to   space 2560K, 0% used [0x00000000ec580000,0x00000000ec580000,0x00000000ec800000)
 ParOldGen       total 42496K, used 2202K [0x00000000c2200000, 0x00000000c4b80000, 0x00000000eb600000)
  object space 42496K, 5% used [0x00000000c2200000,0x00000000c2426a38,0x00000000c4b80000)
 Metaspace       used 11804K, capacity 11898K, committed 12160K, reserved 1060864K
  class space    used 1388K, capacity 1401K, committed 1408K, reserved 1048576K

Card table byte_map: [0x0000000011520000,0x0000000011710000] byte_map_base: 0x0000000010f0f000

Marking Bits: (ParMarkBitMap*) 0x00000000617fb6d0
 Begin Bits: [0x0000000011c60000, 0x0000000012bd8000)
 End Bits:   [0x0000000012bd8000, 0x0000000013b50000)

Polling page: 0x00000000002e0000

CodeCache: size=245760Kb used=3379Kb max_used=3382Kb free=242380Kb
 bounds [0x0000000002160000, 0x00000000024c0000, 0x0000000011160000]
 total_blobs=1138 nmethods=801 adapters=251
 compilation: enabled

Compilation events (10 events):
Event: 5.803 Thread 0x0000000015a56000  798       3       java.util.LinkedHashMap::<init> (11 bytes)
Event: 5.803 Thread 0x0000000015a56000 nmethod 798 0x00000000024ae150 code [0x00000000024ae2e0, 0x00000000024ae4e8]
Event: 5.804 Thread 0x0000000015a56000  800       3       org.springframework.asm.MethodVisitor::visitFieldInsn (20 bytes)
Event: 5.804 Thread 0x0000000015a56000 nmethod 800 0x00000000024adc90 code [0x00000000024ade00, 0x00000000024ae068]
Event: 5.804 Thread 0x0000000015a56000  801       3       org.springframework.asm.ClassReader::readLabel (20 bytes)
Event: 5.805 Thread 0x0000000015a56000 nmethod 801 0x00000000024b0410 code [0x00000000024b05a0, 0x00000000024b09d0]
Event: 5.805 Thread 0x0000000015a56000  799       1       org.springframework.core.type.classreading.ClassMetadataReadingVisitor::getClassName (5 bytes)
Event: 5.805 Thread 0x0000000015a56000 nmethod 799 0x00000000024ad9d0 code [0x00000000024adb20, 0x00000000024adc30]
Event: 5.806 Thread 0x0000000015a56000  802       3       org.springframework.asm.ClassReader::readCode (2672 bytes)
Event: 5.807 Thread 0x000000001473d800  803       4       org.springframework.asm.ClassReader::readUTF (194 bytes)

GC Heap History (4 events):
Event: 4.814 GC heap before
{Heap before GC invocations=1 (full 0):
 PSYoungGen      total 18432K, used 15872K [0x00000000eb600000, 0x00000000eca80000, 0x0000000100000000)
  eden space 15872K, 100% used [0x00000000eb600000,0x00000000ec580000,0x00000000ec580000)
  from space 2560K, 0% used [0x00000000ec800000,0x00000000ec800000,0x00000000eca80000)
  to   space 2560K, 0% used [0x00000000ec580000,0x00000000ec580000,0x00000000ec800000)
 ParOldGen       total 42496K, used 0K [0x00000000c2200000, 0x00000000c4b80000, 0x00000000eb600000)
  object space 42496K, 0% used [0x00000000c2200000,0x00000000c2200000,0x00000000c4b80000)
 Metaspace       used 6928K, capacity 7048K, committed 7296K, reserved 1056768K
  class space    used 826K, capacity 854K, committed 896K, reserved 1048576K
Event: 4.826 GC heap after
Heap after GC invocations=1 (full 0):
 PSYoungGen      total 18432K, used 2559K [0x00000000eb600000, 0x00000000eca80000, 0x0000000100000000)
  eden space 15872K, 0% used [0x00000000eb600000,0x00000000eb600000,0x00000000ec580000)
  from space 2560K, 99% used [0x00000000ec580000,0x00000000ec7ffc68,0x00000000ec800000)
  to   space 2560K, 0% used [0x00000000ec800000,0x00000000ec800000,0x00000000eca80000)
 ParOldGen       total 42496K, used 583K [0x00000000c2200000, 0x00000000c4b80000, 0x00000000eb600000)
  object space 42496K, 1% used [0x00000000c2200000,0x00000000c2291ec8,0x00000000c4b80000)
 Metaspace       used 6928K, capacity 7048K, committed 7296K, reserved 1056768K
  class space    used 826K, capacity 854K, committed 896K, reserved 1048576K
}
Event: 5.788 GC heap before
{Heap before GC invocations=2 (full 0):
 PSYoungGen      total 18432K, used 18431K [0x00000000eb600000, 0x00000000eca80000, 0x0000000100000000)
  eden space 15872K, 100% used [0x00000000eb600000,0x00000000ec580000,0x00000000ec580000)
  from space 2560K, 99% used [0x00000000ec580000,0x00000000ec7ffc68,0x00000000ec800000)
  to   space 2560K, 0% used [0x00000000ec800000,0x00000000ec800000,0x00000000eca80000)
 ParOldGen       total 42496K, used 583K [0x00000000c2200000, 0x00000000c4b80000, 0x00000000eb600000)
  object space 42496K, 1% used [0x00000000c2200000,0x00000000c2291ec8,0x00000000c4b80000)
 Metaspace       used 11749K, capacity 11898K, committed 12160K, reserved 1060864K
  class space    used 1382K, capacity 1401K, committed 1408K, reserved 1048576K
Event: 5.798 GC heap after
Heap after GC invocations=2 (full 0):
 PSYoungGen      total 18432K, used 2542K [0x00000000eb600000, 0x00000000eca80000, 0x0000000100000000)
  eden space 15872K, 0% used [0x00000000eb600000,0x00000000eb600000,0x00000000ec580000)
  from space 2560K, 99% used [0x00000000ec800000,0x00000000eca7bbf0,0x00000000eca80000)
  to   space 2560K, 0% used [0x00000000ec580000,0x00000000ec580000,0x00000000ec800000)
 ParOldGen       total 42496K, used 2202K [0x00000000c2200000, 0x00000000c4b80000, 0x00000000eb600000)
  object space 42496K, 5% used [0x00000000c2200000,0x00000000c2426a38,0x00000000c4b80000)
 Metaspace       used 11749K, capacity 11898K, committed 12160K, reserved 1060864K
  class space    used 1382K, capacity 1401K, committed 1408K, reserved 1048576K
}

Deoptimization events (6 events):
Event: 4.211 Thread 0x0000000001fd3800 Uncommon trap: reason=unstable_if action=reinterpret pc=0x0000000002325564 method=sun.misc.MetaIndex.mayContain(Ljava/lang/String;)Z @ 38
Event: 4.212 Thread 0x0000000001fd3800 Uncommon trap: reason=unstable_if action=reinterpret pc=0x000000000231f2c0 method=sun.misc.MetaIndex.mayContain(Ljava/lang/String;)Z @ 38
Event: 4.953 Thread 0x0000000001fd3800 Uncommon trap: reason=range_check action=make_not_entrant pc=0x00000000023d4c20 method=sun.reflect.generics.parser.SignatureParser.current()C @ 34
Event: 5.310 Thread 0x0000000001fd3800 Uncommon trap: reason=unstable_if action=reinterpret pc=0x000000000242fbb4 method=com.sun.org.apache.xerces.internal.impl.XMLEntityScanner.checkBeforeLoad(Lcom/sun/xml/internal/stream/Entity$ScannedEntity;II)I @ 18
Event: 5.489 Thread 0x0000000001fd3800 Uncommon trap: reason=unstable_if action=reinterpret pc=0x00000000023b4b3c method=java.io.WinNTFileSystem.normalize(Ljava/lang/String;)Ljava/lang/String; @ 128
Event: 5.489 Thread 0x0000000001fd3800 Uncommon trap: reason=unstable_if action=reinterpret pc=0x00000000022ed634 method=java.lang.String.indexOf([CII[CIII)I @ 3

Internal exceptions (10 events):
Event: 4.117 Thread 0x0000000001fd3800 Exception <a 'java/lang/ClassNotFoundException': org/apache/log4j/ConsoleAppenderCustomizer> (0x00000000ebd67a38) thrown at [C:\re\workspace\8-2-build-windows-amd64-cygwin\jdk8u121\8372\hotspot\src\share\vm\classfile\systemDictionary.cpp, line 210]
Event: 4.244 Thread 0x0000000001fd3800 Exception <a 'java/lang/ClassNotFoundException': org/apache/log4j/RollingFileAppenderBeanInfo> (0x00000000ebe1de20) thrown at [C:\re\workspace\8-2-build-windows-amd64-cygwin\jdk8u121\8372\hotspot\src\share\vm\classfile\systemDictionary.cpp, line 210]
Event: 4.245 Thread 0x0000000001fd3800 Exception <a 'java/lang/ClassNotFoundException': org/apache/log4j/FileAppenderBeanInfo> (0x00000000ebe298e8) thrown at [C:\re\workspace\8-2-build-windows-amd64-cygwin\jdk8u121\8372\hotspot\src\share\vm\classfile\systemDictionary.cpp, line 210]
Event: 4.246 Thread 0x0000000001fd3800 Exception <a 'java/lang/ClassNotFoundException': org/apache/log4j/FileAppenderCustomizer> (0x00000000ebe356b8) thrown at [C:\re\workspace\8-2-build-windows-amd64-cygwin\jdk8u121\8372\hotspot\src\share\vm\classfile\systemDictionary.cpp, line 210]
Event: 4.248 Thread 0x0000000001fd3800 Exception <a 'java/lang/ClassNotFoundException': org/apache/log4j/RollingFileAppenderCustomizer> (0x00000000ebe4f070) thrown at [C:\re\workspace\8-2-build-windows-amd64-cygwin\jdk8u121\8372\hotspot\src\share\vm\classfile\systemDictionary.cpp, line 210]
Event: 4.929 Thread 0x0000000001fd3800 Exception <a 'java/lang/ArrayIndexOutOfBoundsException'> (0x00000000eb819748) thrown at [C:\re\workspace\8-2-build-windows-amd64-cygwin\jdk8u121\8372\hotspot\src\share\vm\runtime\sharedRuntime.cpp, line 605]
Event: 4.929 Thread 0x0000000001fd3800 Exception <a 'java/lang/ArrayIndexOutOfBoundsException'> (0x00000000eb81aa78) thrown at [C:\re\workspace\8-2-build-windows-amd64-cygwin\jdk8u121\8372\hotspot\src\share\vm\runtime\sharedRuntime.cpp, line 605]
Event: 4.949 Thread 0x0000000001fd3800 Exception <a 'java/lang/ArrayIndexOutOfBoundsException'> (0x00000000eb881b78) thrown at [C:\re\workspace\8-2-build-windows-amd64-cygwin\jdk8u121\8372\hotspot\src\share\vm\runtime\sharedRuntime.cpp, line 605]
Event: 4.953 Thread 0x0000000001fd3800 Exception <a 'java/lang/ArrayIndexOutOfBoundsException': 113> (0x00000000eb899d48) thrown at [C:\re\workspace\8-2-build-windows-amd64-cygwin\jdk8u121\8372\hotspot\src\share\vm\interpreter\interpreterRuntime.cpp, line 366]
Event: 4.953 Thread 0x0000000001fd3800 Exception <a 'java/lang/ArrayIndexOutOfBoundsException': 60> (0x00000000eb89b0a0) thrown at [C:\re\workspace\8-2-build-windows-amd64-cygwin\jdk8u121\8372\hotspot\src\share\vm\interpreter\interpreterRuntime.cpp, line 366]

Events (10 events):
Event: 5.814 loading class org/springframework/beans/factory/config/RuntimeBeanNameReference
Event: 5.814 loading class org/springframework/beans/factory/config/RuntimeBeanNameReference done
Event: 5.815 loading class org/springframework/beans/factory/support/ManagedArray
Event: 5.815 loading class org/springframework/beans/factory/support/ManagedArray done
Event: 5.815 loading class org/springframework/beans/factory/support/ManagedList
Event: 5.815 loading class org/springframework/beans/factory/support/ManagedList done
Event: 5.816 Executing VM operation: Deoptimize
Event: 5.816 Executing VM operation: Deoptimize done
Event: 5.817 loading class org/springframework/beans/factory/support/ManagedSet
Event: 5.817 loading class org/springframework/beans/factory/support/ManagedSet done


Dynamic libraries:
0x00007ff6d9150000 - 0x00007ff6d9187000 	D:\Program Files\Java\jdk1.8.0_121\bin\java.exe
0x00007ff8a9990000 - 0x00007ff8a9b39000 	C:\Windows\SYSTEM32\ntdll.dll
0x00007ff8a7780000 - 0x00007ff8a78b9000 	C:\Windows\system32\KERNEL32.DLL
0x00007ff8a6e30000 - 0x00007ff8a6f3e000 	C:\Windows\system32\KERNELBASE.dll
0x00007ff8a7530000 - 0x00007ff8a75d5000 	C:\Windows\system32\ADVAPI32.dll
0x00007ff8a73b0000 - 0x00007ff8a7521000 	C:\Windows\system32\USER32.dll
0x00007ff8a4a50000 - 0x00007ff8a4caa000 	C:\Windows\WinSxS\amd64_microsoft.windows.common-controls_6595b64144ccf1df_6.0.9600.16384_none_62475f7becb72503\COMCTL32.dll
0x00007ff8a7df0000 - 0x00007ff8a7e97000 	C:\Windows\system32\msvcrt.dll
0x00007ff8a7220000 - 0x00007ff8a7277000 	C:\Windows\SYSTEM32\sechost.dll
0x00007ff8a7b10000 - 0x00007ff8a7c46000 	C:\Windows\system32\RPCRT4.dll
0x00007ff8a9840000 - 0x00007ff8a9985000 	C:\Windows\system32\GDI32.dll
0x00007ff8a8000000 - 0x00007ff8a8034000 	C:\Windows\system32\IMM32.DLL
0x00007ff8a8040000 - 0x00007ff8a8179000 	C:\Windows\system32\MSCTF.dll
0x0000000060f00000 - 0x0000000060fd2000 	D:\Program Files\Java\jdk1.8.0_121\jre\bin\msvcr100.dll
0x0000000060fe0000 - 0x000000006187b000 	D:\Program Files\Java\jdk1.8.0_121\jre\bin\server\jvm.dll
0x00007ff8a1840000 - 0x00007ff8a1849000 	C:\Windows\SYSTEM32\WSOCK32.dll
0x00007ff89f380000 - 0x00007ff89f39f000 	C:\Windows\SYSTEM32\WINMM.dll
0x00007ff8a1a10000 - 0x00007ff8a1a1a000 	C:\Windows\SYSTEM32\VERSION.dll
0x00007ff8a9650000 - 0x00007ff8a9657000 	C:\Windows\system32\PSAPI.DLL
0x00007ff8a78d0000 - 0x00007ff8a7928000 	C:\Windows\system32\WS2_32.dll
0x00007ff89f2c0000 - 0x00007ff89f2ea000 	C:\Windows\SYSTEM32\WINMMBASE.dll
0x00007ff8a75e0000 - 0x00007ff8a75e9000 	C:\Windows\system32\NSI.dll
0x00007ff8a6de0000 - 0x00007ff8a6e2a000 	C:\Windows\SYSTEM32\cfgmgr32.dll
0x00007ff8a5b80000 - 0x00007ff8a5ba6000 	C:\Windows\SYSTEM32\DEVOBJ.dll
0x0000000060ef0000 - 0x0000000060eff000 	D:\Program Files\Java\jdk1.8.0_121\jre\bin\verify.dll
0x0000000060ec0000 - 0x0000000060ee9000 	D:\Program Files\Java\jdk1.8.0_121\jre\bin\java.dll
0x0000000060ea0000 - 0x0000000060eb6000 	D:\Program Files\Java\jdk1.8.0_121\jre\bin\zip.dll
0x00007ff8a8180000 - 0x00007ff8a958d000 	C:\Windows\system32\SHELL32.dll
0x00007ff8a7930000 - 0x00007ff8a7b07000 	C:\Windows\SYSTEM32\combase.dll
0x00007ff8a7350000 - 0x00007ff8a73a1000 	C:\Windows\system32\SHLWAPI.dll
0x00007ff8a53a0000 - 0x00007ff8a5441000 	C:\Windows\SYSTEM32\SHCORE.dll
0x00007ff8a6d10000 - 0x00007ff8a6d24000 	C:\Windows\SYSTEM32\profapi.dll
0x00007ff8a1880000 - 0x00007ff8a1890000 	D:\Program Files\idea\IntelliJ IDEA 2016.3.4\bin\breakgen64.dll
0x0000000060c90000 - 0x0000000060caa000 	D:\Program Files\Java\jdk1.8.0_121\jre\bin\net.dll
0x00007ff8a6550000 - 0x00007ff8a65a8000 	C:\Windows\system32\mswsock.dll

VM Arguments:
jvm_args: -ea -Didea.launcher.port=7538 -Didea.launcher.bin.path=D:\Program Files\idea\IntelliJ IDEA 2016.3.4\bin -Dfile.encoding=UTF-8 
java_command: com.intellij.rt.execution.application.AppMain com.intellij.rt.execution.junit.JUnitStarter -ideVersion5 testMybatis
java_class_path (initial): D:\Program Files\idea\IntelliJ IDEA 2016.3.4\lib\idea_rt.jar;D:\Program Files\idea\IntelliJ IDEA 2016.3.4\plugins\junit\lib\junit-rt.jar;D:\Program Files\Java\jdk1.8.0_121\jre\lib\charsets.jar;D:\Program Files\Java\jdk1.8.0_121\jre\lib\deploy.jar;D:\Program Files\Java\jdk1.8.0_121\jre\lib\ext\access-bridge-64.jar;D:\Program Files\Java\jdk1.8.0_121\jre\lib\ext\cldrdata.jar;D:\Program Files\Java\jdk1.8.0_121\jre\lib\ext\dnsns.jar;D:\Program Files\Java\jdk1.8.0_121\jre\lib\ext\jaccess.jar;D:\Program Files\Java\jdk1.8.0_121\jre\lib\ext\jfxrt.jar;D:\Program Files\Java\jdk1.8.0_121\jre\lib\ext\localedata.jar;D:\Program Files\Java\jdk1.8.0_121\jre\lib\ext\nashorn.jar;D:\Program Files\Java\jdk1.8.0_121\jre\lib\ext\sunec.jar;D:\Program Files\Java\jdk1.8.0_121\jre\lib\ext\sunjce_provider.jar;D:\Program Files\Java\jdk1.8.0_121\jre\lib\ext\sunmscapi.jar;D:\Program Files\Java\jdk1.8.0_121\jre\lib\ext\sunpkcs11.jar;D:\Program Files\Java\jdk1.8.0_121\jre\lib\ext\zipfs.jar;D:\Program Files\Java\jdk1.8.0_121\jre\lib\javaws.jar;D:\Program Files\Java\jdk1.8.0_121\jre\lib\jce.jar;D:\Program Files\Java\jdk1.8.0_121\jre\lib\jfr.jar;D:\Program Files\Java\jdk1.8.0_121\jre\lib\jfxswt.jar;D:\Program Files\Java\jdk1.8.0_121\jre\lib\jsse.jar;D:\Program Files\Java\jdk1.8.0_121\jre\lib\management-agent.jar;D:\Program Files\Java\jdk1.8.0_121\jre\lib\plugin.jar;D:\Program Files\Java\jdk1.8.0_121\jre\lib\resources.jar;D:\Program Files\Java\jdk1.8.0_121\jre\lib\rt.jar;D:\workspace\mySSM\target\test-classes;D:\workspace\mySSM\target\classes;C:\Users\Administrator\.m2\repository\junit\junit\4.11\junit-4.11.jar;C:\Users\Administrator\.m2\repository\org\hamcrest\hamcrest-core\1.3\hamcrest-core-1.3.jar;C:\Users\Administrator\.m2\repository\org\springframework\spring-core\4.0.2.RELEASE\spring-core-4.0.2.RELEASE.jar;C:\Users\Administrator\.m2\repository\commons-logging\commons-logging\1.1.3\commons-logging-1.1.3.jar;C:\Users\Administrator\.m2\repository\org\springframework\spri
Launcher Type: SUN_STANDARD

Environment Variables:
JAVA_HOME=D:\Program Files\Java\jdk1.8.0_121
JRE_HOME=D:\Program Files\Java\jre1.8
CLASSPATH=.D:\Program Files\Java\jdk1.8.0_121\lib;D:\Program Files\Java\jdk1.8.0_121\lib\tools.jar
PATH=C:\Windows\system32;C:\Windows;C:\Windows\System32\Wbem;C:\Windows\System32\WindowsPowerShell\v1.0\;;D:\Program Files\Java\jdk1.8.0_121\bin;D:\Program Files\Java\jdk1.8.0_121\jre\bin;C:\Program Files\nodejs\;D:\Program Files\apache-maven-3.5.0\bin;D:\Program Files\mysql-5.6.26-winx64\bin;C:\Users\Administrator\AppData\Roaming\npm
USERNAME=Administrator
OS=Windows_NT
PROCESSOR_IDENTIFIER=Intel64 Family 6 Model 37 Stepping 5, GenuineIntel



---------------  S Y S T E M  ---------------

OS: Windows 8.1 , 64 bit Build 9600 (6.3.9600.16656)

CPU:total 4 (2 cores per cpu, 2 threads per core) family 6 model 37 stepping 5, cmov, cx8, fxsr, mmx, sse, sse2, sse3, ssse3, sse4.1, sse4.2, popcnt, ht, tsc, tscinvbit

Memory: 4k page, physical 4053872k(1238304k free), swap 4053872k(5104k free)

vm_info: Java HotSpot(TM) 64-Bit Server VM (25.121-b13) for windows-amd64 JRE (1.8.0_121-b13), built on Dec 12 2016 18:21:36 by "java_re" with MS VC++ 10.0 (VS2010)

time: Sun Oct 15 00:37:58 2017
elapsed time: 5 seconds (0d 0h 0m 5s)

